[I 2026-09-15 15:19:00,568] A new study created in memory with name: no-name-1d2eed7a-b2e4-464f-8458-6f5caae2671d
[I 2026-09-15 15:19:12,464] Trial 0 finished with value: 0.7523459925813611 and parameters: {'lr': 0.0005611516415334506, 'dropout': 0.1, 'weight_decay': 1e-05, 'hidden_dim': 32, 'n_layers': 2}. Best is trial 0 with value: 0.7523459925813611.
[I 2026-09-15 15:19:16,032] Trial 1 finished with value: 0.7262651532148209 and parameters: {'lr': 0.00026587543983272726, 'dropout': 0.3, 'weight_decay': 1e-05, 'hidden_dim': 32, 'n_layers': 3}. Best is trial 0 with value: 0.7523459925813611.
[I 2026-09-15 15:19:29,239] Trial 2 finished with value: 0.7509727080630682 and parameters: {'lr': 0.00025081156860452336, 'dropout': 0.2, 'weight_decay': 1e-05, 'hidden_dim': 64, 'n_layers': 3}. Best is trial 0 with value: 0.7523459925813611.
[I 2026-09-15 15:19:40,918] Trial 3 finished with value: 0.76306536764007 and parameters: {'lr': 0.0007591104805282694, 'dropout': 0.2, 'weight_decay': 1e-05, 'hidden_dim': 128, 'n_layers': 2}. Best is trial 3 with value: 0.76306536764007.
[I 2026-09-15 15:19:57,906] Trial 4 finished with value: 0.7631687265203866 and parameters: {'lr': 0.007568292060167619, 'dropout': 0.3, 'weight_decay': 0.0001, 'hidden_dim': 64, 'n_layers': 1}. Best is trial 4 with value: 0.7631687265203866.
[I 2026-09-15 15:20:08,757] Trial 5 finished with value: 0.7632074671367878 and parameters: {'lr': 0.001217284708112243, 'dropout': 0.2, 'weight_decay': 1e-05, 'hidden_dim': 64, 'n_layers': 2}. Best is trial 5 with value: 0.7632074671367878.
[I 2026-09-15 15:20:19,510] Trial 6 finished with value: 0.7529522634643432 and parameters: {'lr': 0.0005211124595788264, 'dropout': 0.2, 'weight_decay': 1e-05, 'hidden_dim': 64, 'n_layers': 1}. Best is trial 5 with value: 0.7632074671367878.
[I 2026-09-15 15:20:28,077] Trial 7 finished with value: 0.756093817004344 and parameters: {'lr': 0.0026698666742744613, 'dropout': 0.3, 'weight_decay': 0.0001, 'hidden_dim': 64, 'n_layers': 1}. Best is trial 5 with value: 0.7632074671367878.
[I 2026-09-15 15:20:38,461] Trial 8 finished with value: 0.7678962593595374 and parameters: {'lr': 0.006533305220227739, 'dropout': 0.3, 'weight_decay': 0.001, 'hidden_dim': 64, 'n_layers': 2}. Best is trial 8 with value: 0.7678962593595374.
[I 2026-09-15 15:20:54,205] Trial 9 finished with value: 0.7481723165555183 and parameters: {'lr': 0.00023612399244412623, 'dropout': 0.1, 'weight_decay': 1e-05, 'hidden_dim': 128, 'n_layers': 1}. Best is trial 8 with value: 0.7678962593595374.
[I 2026-09-15 15:21:09,288] Trial 10 finished with value: 0.7619873473931064 and parameters: {'lr': 0.008710859097239143, 'dropout': 0.3, 'weight_decay': 0.001, 'hidden_dim': 32, 'n_layers': 2}. Best is trial 8 with value: 0.7678962593595374.
[I 2026-09-15 15:21:27,535] Trial 11 finished with value: 0.764090674665703 and parameters: {'lr': 0.0023114592660006, 'dropout': 0.2, 'weight_decay': 0.001, 'hidden_dim': 64, 'n_layers': 2}. Best is trial 8 with value: 0.7678962593595374.
[I 2026-09-15 15:21:48,145] Trial 12 finished with value: 0.7664569859244657 and parameters: {'lr': 0.003247583339270426, 'dropout': 0.3, 'weight_decay': 0.001, 'hidden_dim': 64, 'n_layers': 2}. Best is trial 8 with value: 0.7678962593595374.
[I 2026-09-15 15:22:05,969] Trial 13 finished with value: 0.7701711888357203 and parameters: {'lr': 0.0037337870210359166, 'dropout': 0.3, 'weight_decay': 0.001, 'hidden_dim': 64, 'n_layers': 2}. Best is trial 13 with value: 0.7701711888357203.
[I 2026-09-15 15:22:23,738] Trial 14 finished with value: 0.7689690847949838 and parameters: {'lr': 0.004835836699741624, 'dropout': 0.3, 'weight_decay': 0.001, 'hidden_dim': 64, 'n_layers': 2}. Best is trial 13 with value: 0.7701711888357203.
[I 2026-09-15 15:22:46,607] Trial 15 finished with value: 0.7715710401281791 and parameters: {'lr': 0.004561314358426194, 'dropout': 0.3, 'weight_decay': 0.001, 'hidden_dim': 128, 'n_layers': 2}. Best is trial 15 with value: 0.7715710401281791.
[I 2026-09-15 15:23:06,863] Trial 16 finished with value: 0.767964819782092 and parameters: {'lr': 0.0013450549446761021, 'dropout': 0.3, 'weight_decay': 0.001, 'hidden_dim': 128, 'n_layers': 3}. Best is trial 15 with value: 0.7715710401281791.
[I 2026-09-15 15:23:30,621] Trial 17 finished with value: 0.782483714770456 and parameters: {'lr': 0.004333744309460746, 'dropout': 0.1, 'weight_decay': 0.001, 'hidden_dim': 128, 'n_layers': 2}. Best is trial 17 with value: 0.782483714770456.
[I 2026-09-15 15:24:01,207] Trial 18 finished with value: 0.7768465340575231 and parameters: {'lr': 0.0018288104180760943, 'dropout': 0.1, 'weight_decay': 0.001, 'hidden_dim': 128, 'n_layers': 2}. Best is trial 17 with value: 0.782483714770456.
[I 2026-09-15 15:24:25,510] Trial 19 finished with value: 0.7715131753188571 and parameters: {'lr': 0.0017464620854245752, 'dropout': 0.1, 'weight_decay': 0.0001, 'hidden_dim': 128, 'n_layers': 3}. Best is trial 17 with value: 0.782483714770456.

Best val composite score: 0.7825
Best params: {'lr': 0.004333744309460746, 'dropout': 0.1, 'weight_decay': 0.001, 'hidden_dim': 128, 'n_layers': 2}
  epoch 00  score=0.7383  (auc=0.8185 pr_auc=0.8292 f1=0.7197 macro_recall=0.4304)
  epoch 01  score=0.7407  (auc=0.8304 pr_auc=0.8384 f1=0.7169 macro_recall=0.4081)
  epoch 02  score=0.7478  (auc=0.8311 pr_auc=0.8420 f1=0.7332 macro_recall=0.4209)
  epoch 03  score=0.7463  (auc=0.8301 pr_auc=0.8416 f1=0.7279 macro_recall=0.4228)
  epoch 04  score=0.7426  (auc=0.8313 pr_auc=0.8428 f1=0.7185 macro_recall=0.4087)
  epoch 05  score=0.7531  (auc=0.8389 pr_auc=0.8458 f1=0.7319 macro_recall=0.4339)
  epoch 06  score=0.7627  (auc=0.8375 pr_auc=0.8489 f1=0.7438 macro_recall=0.4763)
  epoch 07  score=0.7654  (auc=0.8391 pr_auc=0.8500 f1=0.7437 macro_recall=0.4887)
  epoch 08  score=0.7695  (auc=0.8401 pr_auc=0.8494 f1=0.7526 macro_recall=0.4994)
  epoch 09  score=0.7701  (auc=0.8414 pr_auc=0.8512 f1=0.7525 macro_recall=0.4982)
  epoch 10  score=0.7650  (auc=0.8378 pr_auc=0.8489 f1=0.7470 macro_recall=0.4854)
  epoch 11  score=0.7684  (auc=0.8416 pr_auc=0.8515 f1=0.7511 macro_recall=0.4882)
  epoch 12  score=0.7611  (auc=0.8423 pr_auc=0.8507 f1=0.7379 macro_recall=0.4612)
  epoch 13  score=0.7718  (auc=0.8416 pr_auc=0.8505 f1=0.7521 macro_recall=0.5106)
  epoch 14  score=0.7616  (auc=0.8430 pr_auc=0.8498 f1=0.7423 macro_recall=0.4568)
  epoch 15  score=0.7719  (auc=0.8427 pr_auc=0.8525 f1=0.7532 macro_recall=0.5039)
  epoch 16  score=0.7696  (auc=0.8465 pr_auc=0.8528 f1=0.7479 macro_recall=0.4880)
  epoch 17  score=0.7690  (auc=0.8437 pr_auc=0.8540 f1=0.7446 macro_recall=0.4939)
  epoch 18  score=0.7740  (auc=0.8442 pr_auc=0.8534 f1=0.7489 macro_recall=0.5196)
  epoch 19  score=0.7767  (auc=0.8464 pr_auc=0.8541 f1=0.7554 macro_recall=0.5208)
  epoch 20  score=0.7753  (auc=0.8455 pr_auc=0.8539 f1=0.7546 macro_recall=0.5151)
  epoch 21  score=0.7790  (auc=0.8487 pr_auc=0.8561 f1=0.7567 macro_recall=0.5246)
  epoch 22  score=0.7825  (auc=0.8453 pr_auc=0.8549 f1=0.7590 macro_recall=0.5544)
  epoch 23  score=0.7726  (auc=0.8467 pr_auc=0.8547 f1=0.7512 macro_recall=0.4988)
  epoch 24  score=0.7733  (auc=0.8470 pr_auc=0.8547 f1=0.7519 macro_recall=0.5011)
  epoch 25  score=0.7770  (auc=0.8448 pr_auc=0.8538 f1=0.7582 macro_recall=0.5219)
  epoch 26  score=0.7773  (auc=0.8475 pr_auc=0.8543 f1=0.7393 macro_recall=0.5483)
  epoch 27  score=0.7778  (auc=0.8476 pr_auc=0.8555 f1=0.7565 macro_recall=0.5208)

Saved trained MLP to artifacts/mlp_model.pt
=== MLP DONE ===
[I 2026-09-15 15:25:02,688] A new study created in memory with name: no-name-c5ad71cb-1094-4076-b6c1-2f7c8edb9f3b
[I 2026-09-15 15:25:03,583] Trial 0 finished with value: 0.7763212820639526 and parameters: {'max_depth': 6, 'learning_rate': 0.030405325392865647, 'n_estimators': 200, 'subsample': 0.7}. Best is trial 0 with value: 0.7763212820639526.
[I 2026-09-15 15:25:03,814] Trial 1 finished with value: 0.7481278198727476 and parameters: {'max_depth': 6, 'learning_rate': 0.0033572967053517922, 'n_estimators': 600, 'subsample': 0.7}. Best is trial 0 with value: 0.7763212820639526.
[I 2026-09-15 15:25:04,071] Trial 2 finished with value: 0.753152737748517 and parameters: {'max_depth': 4, 'learning_rate': 0.008082071885709252, 'n_estimators': 400, 'subsample': 0.85}. Best is trial 0 with value: 0.7763212820639526.
[I 2026-09-15 15:25:04,578] Trial 3 finished with value: 0.7747777574130094 and parameters: {'max_depth': 4, 'learning_rate': 0.22413234378101138, 'n_estimators': 200, 'subsample': 0.85}. Best is trial 0 with value: 0.7763212820639526.
[I 2026-09-15 15:25:04,927] Trial 4 finished with value: 0.777727030596391 and parameters: {'max_depth': 6, 'learning_rate': 0.1788532743297921, 'n_estimators': 400, 'subsample': 0.85}. Best is trial 4 with value: 0.777727030596391.
[I 2026-09-15 15:25:05,345] Trial 5 finished with value: 0.7750761177863912 and parameters: {'max_depth': 4, 'learning_rate': 0.16466293382966793, 'n_estimators': 400, 'subsample': 1.0}. Best is trial 4 with value: 0.777727030596391.
[I 2026-09-15 15:25:06,681] Trial 6 finished with value: 0.7723203966427513 and parameters: {'max_depth': 8, 'learning_rate': 0.0076510536667541975, 'n_estimators': 400, 'subsample': 1.0}. Best is trial 4 with value: 0.777727030596391.
[I 2026-09-15 15:25:07,738] Trial 7 finished with value: 0.7787439115954605 and parameters: {'max_depth': 4, 'learning_rate': 0.10471209213501693, 'n_estimators': 600, 'subsample': 0.85}. Best is trial 7 with value: 0.7787439115954605.
[I 2026-09-15 15:25:07,911] Trial 8 finished with value: 0.6637874548179804 and parameters: {'max_depth': 4, 'learning_rate': 0.0014369502768990666, 'n_estimators': 600, 'subsample': 0.85}. Best is trial 7 with value: 0.7787439115954605.
[I 2026-09-15 15:25:10,584] Trial 9 finished with value: 0.7821693786416903 and parameters: {'max_depth': 8, 'learning_rate': 0.024566974547738343, 'n_estimators': 200, 'subsample': 0.7}. Best is trial 9 with value: 0.7821693786416903.
[I 2026-09-15 15:25:12,088] Trial 10 finished with value: 0.7787924966857254 and parameters: {'max_depth': 8, 'learning_rate': 0.03874305312635714, 'n_estimators': 200, 'subsample': 0.7}. Best is trial 9 with value: 0.7821693786416903.
[I 2026-09-15 15:25:13,566] Trial 11 finished with value: 0.7797502082027259 and parameters: {'max_depth': 8, 'learning_rate': 0.03432723873841514, 'n_estimators': 200, 'subsample': 0.7}. Best is trial 9 with value: 0.7821693786416903.
[I 2026-09-15 15:25:15,045] Trial 12 finished with value: 0.7781291693371348 and parameters: {'max_depth': 8, 'learning_rate': 0.031069613952397702, 'n_estimators': 200, 'subsample': 0.7}. Best is trial 9 with value: 0.7821693786416903.
[I 2026-09-15 15:25:17,738] Trial 13 finished with value: 0.7803015081692909 and parameters: {'max_depth': 8, 'learning_rate': 0.014342466716160645, 'n_estimators': 200, 'subsample': 0.7}. Best is trial 9 with value: 0.7821693786416903.
[I 2026-09-15 15:25:18,767] Trial 14 finished with value: 0.7673339842767011 and parameters: {'max_depth': 8, 'learning_rate': 0.012023156249774188, 'n_estimators': 200, 'subsample': 0.7}. Best is trial 9 with value: 0.7821693786416903.
[I 2026-09-15 15:25:21,329] Trial 15 finished with value: 0.7818131350861468 and parameters: {'max_depth': 8, 'learning_rate': 0.020294217648254367, 'n_estimators': 200, 'subsample': 0.7}. Best is trial 9 with value: 0.7821693786416903.
[I 2026-09-15 15:25:22,156] Trial 16 finished with value: 0.7803055392381059 and parameters: {'max_depth': 8, 'learning_rate': 0.07342232892396496, 'n_estimators': 200, 'subsample': 0.7}. Best is trial 9 with value: 0.7821693786416903.
[I 2026-09-15 15:25:22,405] Trial 17 finished with value: 0.4954026871020453 and parameters: {'max_depth': 8, 'learning_rate': 0.004175938661213519, 'n_estimators': 200, 'subsample': 1.0}. Best is trial 9 with value: 0.7821693786416903.
[I 2026-09-15 15:25:25,364] Trial 18 finished with value: 0.7816881746239713 and parameters: {'max_depth': 8, 'learning_rate': 0.01676187619896059, 'n_estimators': 200, 'subsample': 0.7}. Best is trial 9 with value: 0.7821693786416903.
[I 2026-09-15 15:25:26,669] Trial 19 finished with value: 0.7801789894837808 and parameters: {'max_depth': 8, 'learning_rate': 0.06333977925162171, 'n_estimators': 600, 'subsample': 0.7}. Best is trial 9 with value: 0.7821693786416903.

Best val composite score: 0.7822
Best params: {'max_depth': 8, 'learning_rate': 0.024566974547738343, 'n_estimators': 200, 'subsample': 0.7}
Saved trained XGBoost model to artifacts/xgboost_model.json
=== XGBOOST DONE ===
[I 2026-09-15 15:25:34,782] A new study created in memory with name: no-name-c27452ab-e953-4861-97ad-bd79d5555236
C:\Users\Nacu\AppData\Local\Programs\Python\Python312\Lib\site-packages\pytorch_tabnet\callbacks.py:172: UserWarning: Best weights from best epoch are automatically used!
  warnings.warn(wrn_msg)
[I 2026-09-15 15:26:22,443] Trial 0 finished with value: 0.7555474783573928 and parameters: {'n_d_n_a': 16, 'n_steps': 3, 'gamma': 1.3}. Best is trial 0 with value: 0.7555474783573928.
C:\Users\Nacu\AppData\Local\Programs\Python\Python312\Lib\site-packages\pytorch_tabnet\callbacks.py:172: UserWarning: Best weights from best epoch are automatically used!
  warnings.warn(wrn_msg)
[I 2026-09-15 15:27:27,415] Trial 1 finished with value: 0.7722713789768956 and parameters: {'n_d_n_a': 24, 'n_steps': 3, 'gamma': 1.5}. Best is trial 1 with value: 0.7722713789768956.
C:\Users\Nacu\AppData\Local\Programs\Python\Python312\Lib\site-packages\pytorch_tabnet\callbacks.py:172: UserWarning: Best weights from best epoch are automatically used!
  warnings.warn(wrn_msg)
[I 2026-09-15 15:29:02,318] Trial 2 finished with value: 0.7301771312650143 and parameters: {'n_d_n_a': 24, 'n_steps': 7, 'gamma': 1.3}. Best is trial 1 with value: 0.7722713789768956.
C:\Users\Nacu\AppData\Local\Programs\Python\Python312\Lib\site-packages\pytorch_tabnet\callbacks.py:172: UserWarning: Best weights from best epoch are automatically used!
  warnings.warn(wrn_msg)
[I 2026-09-15 15:30:01,154] Trial 3 finished with value: 0.7555474783573928 and parameters: {'n_d_n_a': 16, 'n_steps': 3, 'gamma': 1.3}. Best is trial 1 with value: 0.7722713789768956.
C:\Users\Nacu\AppData\Local\Programs\Python\Python312\Lib\site-packages\pytorch_tabnet\callbacks.py:172: UserWarning: Best weights from best epoch are automatically used!
  warnings.warn(wrn_msg)
[I 2026-09-15 15:31:08,970] Trial 4 finished with value: 0.7301771312650143 and parameters: {'n_d_n_a': 24, 'n_steps': 7, 'gamma': 1.3}. Best is trial 1 with value: 0.7722713789768956.
C:\Users\Nacu\AppData\Local\Programs\Python\Python312\Lib\site-packages\pytorch_tabnet\callbacks.py:172: UserWarning: Best weights from best epoch are automatically used!
  warnings.warn(wrn_msg)
[I 2026-09-15 15:32:43,570] Trial 5 finished with value: 0.7139160524245308 and parameters: {'n_d_n_a': 8, 'n_steps': 7, 'gamma': 1.3}. Best is trial 1 with value: 0.7722713789768956.
C:\Users\Nacu\AppData\Local\Programs\Python\Python312\Lib\site-packages\pytorch_tabnet\callbacks.py:172: UserWarning: Best weights from best epoch are automatically used!
  warnings.warn(wrn_msg)
[I 2026-09-15 15:35:42,936] Trial 6 finished with value: 0.745781558171919 and parameters: {'n_d_n_a': 16, 'n_steps': 7, 'gamma': 1.5}. Best is trial 1 with value: 0.7722713789768956.
C:\Users\Nacu\AppData\Local\Programs\Python\Python312\Lib\site-packages\pytorch_tabnet\callbacks.py:172: UserWarning: Best weights from best epoch are automatically used!
  warnings.warn(wrn_msg)
[I 2026-09-15 15:37:48,085] Trial 7 finished with value: 0.7514399699499137 and parameters: {'n_d_n_a': 24, 'n_steps': 5, 'gamma': 1.0}. Best is trial 1 with value: 0.7722713789768956.
C:\Users\Nacu\AppData\Local\Programs\Python\Python312\Lib\site-packages\pytorch_tabnet\callbacks.py:172: UserWarning: Best weights from best epoch are automatically used!
  warnings.warn(wrn_msg)
[I 2026-09-15 15:38:22,235] Trial 8 finished with value: 0.7440026726785222 and parameters: {'n_d_n_a': 16, 'n_steps': 5, 'gamma': 1.5}. Best is trial 1 with value: 0.7722713789768956.
C:\Users\Nacu\AppData\Local\Programs\Python\Python312\Lib\site-packages\pytorch_tabnet\callbacks.py:172: UserWarning: Best weights from best epoch are automatically used!
  warnings.warn(wrn_msg)
[I 2026-09-15 15:39:18,205] Trial 9 finished with value: 0.7139160524245308 and parameters: {'n_d_n_a': 8, 'n_steps': 7, 'gamma': 1.3}. Best is trial 1 with value: 0.7722713789768956.
C:\Users\Nacu\AppData\Local\Programs\Python\Python312\Lib\site-packages\pytorch_tabnet\callbacks.py:172: UserWarning: Best weights from best epoch are automatically used!
  warnings.warn(wrn_msg)
[I 2026-09-15 15:40:12,424] Trial 10 finished with value: 0.7722713789768956 and parameters: {'n_d_n_a': 24, 'n_steps': 3, 'gamma': 1.5}. Best is trial 1 with value: 0.7722713789768956.
C:\Users\Nacu\AppData\Local\Programs\Python\Python312\Lib\site-packages\pytorch_tabnet\callbacks.py:172: UserWarning: Best weights from best epoch are automatically used!
  warnings.warn(wrn_msg)
[I 2026-09-15 15:41:22,984] Trial 11 finished with value: 0.7722713789768956 and parameters: {'n_d_n_a': 24, 'n_steps': 3, 'gamma': 1.5}. Best is trial 1 with value: 0.7722713789768956.
C:\Users\Nacu\AppData\Local\Programs\Python\Python312\Lib\site-packages\pytorch_tabnet\callbacks.py:172: UserWarning: Best weights from best epoch are automatically used!
  warnings.warn(wrn_msg)
[I 2026-09-15 15:42:16,856] Trial 12 finished with value: 0.7722713789768956 and parameters: {'n_d_n_a': 24, 'n_steps': 3, 'gamma': 1.5}. Best is trial 1 with value: 0.7722713789768956.
C:\Users\Nacu\AppData\Local\Programs\Python\Python312\Lib\site-packages\pytorch_tabnet\callbacks.py:172: UserWarning: Best weights from best epoch are automatically used!
  warnings.warn(wrn_msg)
[I 2026-09-15 15:43:11,751] Trial 13 finished with value: 0.7722713789768956 and parameters: {'n_d_n_a': 24, 'n_steps': 3, 'gamma': 1.5}. Best is trial 1 with value: 0.7722713789768956.
C:\Users\Nacu\AppData\Local\Programs\Python\Python312\Lib\site-packages\pytorch_tabnet\callbacks.py:172: UserWarning: Best weights from best epoch are automatically used!
  warnings.warn(wrn_msg)
[I 2026-09-15 15:44:47,531] Trial 14 finished with value: 0.7530408052359733 and parameters: {'n_d_n_a': 24, 'n_steps': 3, 'gamma': 1.0}. Best is trial 1 with value: 0.7722713789768956.
C:\Users\Nacu\AppData\Local\Programs\Python\Python312\Lib\site-packages\pytorch_tabnet\callbacks.py:172: UserWarning: Best weights from best epoch are automatically used!
  warnings.warn(wrn_msg)
[I 2026-09-15 15:46:02,630] Trial 15 finished with value: 0.7722713789768956 and parameters: {'n_d_n_a': 24, 'n_steps': 3, 'gamma': 1.5}. Best is trial 1 with value: 0.7722713789768956.
C:\Users\Nacu\AppData\Local\Programs\Python\Python312\Lib\site-packages\pytorch_tabnet\callbacks.py:172: UserWarning: Best weights from best epoch are automatically used!
  warnings.warn(wrn_msg)
[I 2026-09-15 15:46:49,725] Trial 16 finished with value: 0.7469336792536859 and parameters: {'n_d_n_a': 8, 'n_steps': 3, 'gamma': 1.5}. Best is trial 1 with value: 0.7722713789768956.
C:\Users\Nacu\AppData\Local\Programs\Python\Python312\Lib\site-packages\pytorch_tabnet\callbacks.py:172: UserWarning: Best weights from best epoch are automatically used!
  warnings.warn(wrn_msg)
[I 2026-09-15 15:50:10,217] Trial 17 finished with value: 0.7491980535446334 and parameters: {'n_d_n_a': 24, 'n_steps': 5, 'gamma': 1.5}. Best is trial 1 with value: 0.7722713789768956.
C:\Users\Nacu\AppData\Local\Programs\Python\Python312\Lib\site-packages\pytorch_tabnet\callbacks.py:172: UserWarning: Best weights from best epoch are automatically used!
  warnings.warn(wrn_msg)
[I 2026-09-15 16:53:17,346] Trial 18 finished with value: 0.7530408052359733 and parameters: {'n_d_n_a': 24, 'n_steps': 3, 'gamma': 1.0}. Best is trial 1 with value: 0.7722713789768956.
C:\Users\Nacu\AppData\Local\Programs\Python\Python312\Lib\site-packages\pytorch_tabnet\callbacks.py:172: UserWarning: Best weights from best epoch are automatically used!
  warnings.warn(wrn_msg)
