[I 2026-09-30 15:06:51,822] A new study created in memory with name: no-name-001371c4-40be-4073-99c3-9eaba705a69c
[I 2026-09-30 15:07:05,518] Trial 0 finished with value: 0.7706415088914984 and parameters: {'lr': 0.0005611516415334506, 'dropout': 0.1, 'weight_decay': 1e-05, 'hidden_dim': 64, 'n_layers': 2, 'embed_dim': 4, 'shrink_lambda': 2.03664420268309, 'cluster_shrink_lambda': 2.0492680115417348}. Best is trial 0 with value: 0.7706415088914984.
[I 2026-09-30 15:07:21,114] Trial 1 finished with value: 0.7603719151414304 and parameters: {'lr': 0.0004059611610484307, 'dropout': 0.1, 'weight_decay': 1e-05, 'hidden_dim': 128, 'n_layers': 2, 'embed_dim': 8, 'shrink_lambda': 10.769622478263129, 'cluster_shrink_lambda': 1.948567125127257}. Best is trial 0 with value: 0.7706415088914984.
[I 2026-09-30 15:07:40,715] Trial 2 finished with value: 0.7616504557196957 and parameters: {'lr': 0.00013492834268013249, 'dropout': 0.2, 'weight_decay': 0.001, 'hidden_dim': 64, 'n_layers': 2, 'embed_dim': 4, 'shrink_lambda': 3.3852267834519774, 'cluster_shrink_lambda': 7.648565112369945}. Best is trial 0 with value: 0.7706415088914984.
[I 2026-09-30 15:08:06,104] Trial 3 finished with value: 0.7743328379674848 and parameters: {'lr': 0.0012399967836846098, 'dropout': 0.2, 'weight_decay': 1e-05, 'hidden_dim': 64, 'n_layers': 2, 'embed_dim': 8, 'shrink_lambda': 25.58586885593424, 'cluster_shrink_lambda': 4.037506188440754}. Best is trial 3 with value: 0.7743328379674848.
[I 2026-09-30 15:08:25,174] Trial 4 finished with value: 0.7545666974929471 and parameters: {'lr': 0.0003646439558980723, 'dropout': 0.3, 'weight_decay': 0.0001, 'hidden_dim': 64, 'n_layers': 2, 'embed_dim': 8, 'shrink_lambda': 4.064644058668375, 'cluster_shrink_lambda': 1.5734685129393668}. Best is trial 3 with value: 0.7743328379674848.
[I 2026-09-30 15:08:36,640] Trial 5 finished with value: 0.7653383042594386 and parameters: {'lr': 0.005323617594751502, 'dropout': 0.1, 'weight_decay': 0.001, 'hidden_dim': 128, 'n_layers': 2, 'embed_dim': 8, 'shrink_lambda': 20.41033406525705, 'cluster_shrink_lambda': 6.901506581791921}. Best is trial 3 with value: 0.7743328379674848.
[I 2026-09-30 15:09:14,337] Trial 6 finished with value: 0.7880141584597364 and parameters: {'lr': 0.0011103647313054626, 'dropout': 0.1, 'weight_decay': 0.0001, 'hidden_dim': 128, 'n_layers': 3, 'embed_dim': 4, 'shrink_lambda': 3.106554858581908, 'cluster_shrink_lambda': 1.8789279685460507}. Best is trial 6 with value: 0.7880141584597364.
[I 2026-09-30 15:09:47,805] Trial 7 finished with value: 0.7765921616540544 and parameters: {'lr': 0.007234279845665418, 'dropout': 0.3, 'weight_decay': 0.001, 'hidden_dim': 128, 'n_layers': 2, 'embed_dim': 16, 'shrink_lambda': 24.534801599183357, 'cluster_shrink_lambda': 28.99715852166588}. Best is trial 6 with value: 0.7880141584597364.
[I 2026-09-30 15:10:13,675] Trial 8 finished with value: 0.7529368064283974 and parameters: {'lr': 0.00010325337616482048, 'dropout': 0.1, 'weight_decay': 0.001, 'hidden_dim': 128, 'n_layers': 2, 'embed_dim': 4, 'shrink_lambda': 6.995363653959079, 'cluster_shrink_lambda': 3.2447648098898547}. Best is trial 6 with value: 0.7880141584597364.
[I 2026-09-30 15:10:30,812] Trial 9 finished with value: 0.7536929563596 and parameters: {'lr': 0.00037126241790405324, 'dropout': 0.2, 'weight_decay': 0.001, 'hidden_dim': 64, 'n_layers': 3, 'embed_dim': 16, 'shrink_lambda': 2.5336058850767755, 'cluster_shrink_lambda': 17.26703355444434}. Best is trial 6 with value: 0.7880141584597364.
[I 2026-09-30 15:10:52,635] Trial 10 finished with value: 0.7823756502147677 and parameters: {'lr': 0.002185362633116951, 'dropout': 0.1, 'weight_decay': 0.0001, 'hidden_dim': 128, 'n_layers': 3, 'embed_dim': 4, 'shrink_lambda': 1.0629065830612703, 'cluster_shrink_lambda': 1.0657016278742406}. Best is trial 6 with value: 0.7880141584597364.
[I 2026-09-30 15:11:15,250] Trial 11 finished with value: 0.7855399366062715 and parameters: {'lr': 0.0023660620781758134, 'dropout': 0.1, 'weight_decay': 0.0001, 'hidden_dim': 128, 'n_layers': 3, 'embed_dim': 4, 'shrink_lambda': 1.0755483741778042, 'cluster_shrink_lambda': 1.044224584290679}. Best is trial 6 with value: 0.7880141584597364.
[I 2026-09-30 15:11:39,743] Trial 12 finished with value: 0.78154203008032 and parameters: {'lr': 0.0023976227274240727, 'dropout': 0.1, 'weight_decay': 0.0001, 'hidden_dim': 128, 'n_layers': 3, 'embed_dim': 4, 'shrink_lambda': 1.084520880139058, 'cluster_shrink_lambda': 1.1757380011162268}. Best is trial 6 with value: 0.7880141584597364.
[I 2026-09-30 15:12:05,905] Trial 13 finished with value: 0.7809043980534459 and parameters: {'lr': 0.0012001629444458144, 'dropout': 0.1, 'weight_decay': 0.0001, 'hidden_dim': 128, 'n_layers': 3, 'embed_dim': 4, 'shrink_lambda': 1.6943066963865112, 'cluster_shrink_lambda': 2.990172674995498}. Best is trial 6 with value: 0.7880141584597364.
[I 2026-09-30 15:12:24,729] Trial 14 finished with value: 0.7826672912308831 and parameters: {'lr': 0.0031509778883824944, 'dropout': 0.1, 'weight_decay': 0.0001, 'hidden_dim': 128, 'n_layers': 3, 'embed_dim': 4, 'shrink_lambda': 5.607265594584775, 'cluster_shrink_lambda': 1.006663593142578}. Best is trial 6 with value: 0.7880141584597364.
[I 2026-09-30 15:12:45,194] Trial 15 finished with value: 0.7521138935779393 and parameters: {'lr': 0.0009120423947030985, 'dropout': 0.3, 'weight_decay': 0.0001, 'hidden_dim': 128, 'n_layers': 3, 'embed_dim': 4, 'shrink_lambda': 1.3901026297423345, 'cluster_shrink_lambda': 2.210849156929999}. Best is trial 6 with value: 0.7880141584597364.
[I 2026-09-30 15:13:06,039] Trial 16 finished with value: 0.780663229408759 and parameters: {'lr': 0.004534858510551343, 'dropout': 0.1, 'weight_decay': 0.0001, 'hidden_dim': 128, 'n_layers': 3, 'embed_dim': 16, 'shrink_lambda': 9.837916599420554, 'cluster_shrink_lambda': 5.110878139041239}. Best is trial 6 with value: 0.7880141584597364.
[I 2026-09-30 15:13:28,088] Trial 17 finished with value: 0.7816199636970648 and parameters: {'lr': 0.0016507257406121459, 'dropout': 0.1, 'weight_decay': 0.0001, 'hidden_dim': 128, 'n_layers': 3, 'embed_dim': 4, 'shrink_lambda': 2.745288410822343, 'cluster_shrink_lambda': 10.86945435389809}. Best is trial 6 with value: 0.7880141584597364.
[I 2026-09-30 15:14:22,627] Trial 18 finished with value: 0.7777332692113299 and parameters: {'lr': 0.000745439397478521, 'dropout': 0.3, 'weight_decay': 0.0001, 'hidden_dim': 128, 'n_layers': 3, 'embed_dim': 4, 'shrink_lambda': 46.57006014310284, 'cluster_shrink_lambda': 46.158692286399585}. Best is trial 6 with value: 0.7880141584597364.
[I 2026-09-30 15:14:44,056] Trial 19 finished with value: 0.7712580315103882 and parameters: {'lr': 0.009846854144262679, 'dropout': 0.2, 'weight_decay': 0.0001, 'hidden_dim': 128, 'n_layers': 3, 'embed_dim': 16, 'shrink_lambda': 5.468808002899705, 'cluster_shrink_lambda': 1.520106431210825}. Best is trial 6 with value: 0.7880141584597364.
[I 2026-09-30 15:15:05,342] Trial 20 finished with value: 0.7576668577160219 and parameters: {'lr': 0.00021320308042361002, 'dropout': 0.1, 'weight_decay': 1e-05, 'hidden_dim': 128, 'n_layers': 3, 'embed_dim': 4, 'shrink_lambda': 1.746069749729691, 'cluster_shrink_lambda': 2.7522936708953485}. Best is trial 6 with value: 0.7880141584597364.
[I 2026-09-30 15:15:25,848] Trial 21 finished with value: 0.7841383102583789 and parameters: {'lr': 0.003324739937786044, 'dropout': 0.1, 'weight_decay': 0.0001, 'hidden_dim': 128, 'n_layers': 3, 'embed_dim': 4, 'shrink_lambda': 4.860384085106938, 'cluster_shrink_lambda': 1.2269426727393984}. Best is trial 6 with value: 0.7880141584597364.
[I 2026-09-30 15:15:44,975] Trial 22 finished with value: 0.7828864580543308 and parameters: {'lr': 0.0038807039971259795, 'dropout': 0.1, 'weight_decay': 0.0001, 'hidden_dim': 128, 'n_layers': 3, 'embed_dim': 4, 'shrink_lambda': 3.7115824692983854, 'cluster_shrink_lambda': 1.3352655156976716}. Best is trial 6 with value: 0.7880141584597364.
[I 2026-09-30 15:16:09,990] Trial 23 finished with value: 0.7847378985478489 and parameters: {'lr': 0.002249743145069457, 'dropout': 0.1, 'weight_decay': 0.0001, 'hidden_dim': 128, 'n_layers': 3, 'embed_dim': 4, 'shrink_lambda': 12.957112361657975, 'cluster_shrink_lambda': 1.7982047505814933}. Best is trial 6 with value: 0.7880141584597364.
[I 2026-09-30 15:16:36,052] Trial 24 finished with value: 0.7814271518560717 and parameters: {'lr': 0.0016418305067706742, 'dropout': 0.1, 'weight_decay': 0.0001, 'hidden_dim': 128, 'n_layers': 3, 'embed_dim': 4, 'shrink_lambda': 13.250846767357258, 'cluster_shrink_lambda': 1.8869801190725315}. Best is trial 6 with value: 0.7880141584597364.
[I 2026-09-30 15:17:28,865] Trial 25 finished with value: 0.7844438316744798 and parameters: {'lr': 0.002131255331805568, 'dropout': 0.1, 'weight_decay': 0.0001, 'hidden_dim': 128, 'n_layers': 3, 'embed_dim': 4, 'shrink_lambda': 8.25357174945906, 'cluster_shrink_lambda': 4.1998036697236}. Best is trial 6 with value: 0.7880141584597364.
[I 2026-09-30 15:18:13,268] Trial 26 finished with value: 0.7862186076475092 and parameters: {'lr': 0.0010340496823379596, 'dropout': 0.1, 'weight_decay': 0.0001, 'hidden_dim': 64, 'n_layers': 3, 'embed_dim': 4, 'shrink_lambda': 15.881369268971978, 'cluster_shrink_lambda': 2.6887184974715144}. Best is trial 6 with value: 0.7880141584597364.
[I 2026-09-30 15:19:02,550] Trial 27 finished with value: 0.7710276044055056 and parameters: {'lr': 0.0006225171686026965, 'dropout': 0.1, 'weight_decay': 0.0001, 'hidden_dim': 64, 'n_layers': 3, 'embed_dim': 4, 'shrink_lambda': 36.33070714179168, 'cluster_shrink_lambda': 2.803702342569645}. Best is trial 6 with value: 0.7880141584597364.
[I 2026-09-30 15:19:45,418] Trial 28 finished with value: 0.7698096147557116 and parameters: {'lr': 0.000972554553331248, 'dropout': 0.2, 'weight_decay': 0.0001, 'hidden_dim': 64, 'n_layers': 3, 'embed_dim': 16, 'shrink_lambda': 2.585994706430692, 'cluster_shrink_lambda': 5.43918075069357}. Best is trial 6 with value: 0.7880141584597364.
[I 2026-09-30 15:20:18,072] Trial 29 finished with value: 0.7471848131380161 and parameters: {'lr': 0.0005066537294029854, 'dropout': 0.3, 'weight_decay': 1e-05, 'hidden_dim': 64, 'n_layers': 3, 'embed_dim': 8, 'shrink_lambda': 17.682227039608254, 'cluster_shrink_lambda': 2.315712831605275}. Best is trial 6 with value: 0.7880141584597364.
Region training counts (id order): [106.0, 1086.0, 5342.0, 532.0, 16799.0, 566.0, 335.0]
Region clusters (id order, ['Africa', 'East Asia', 'Europe', 'Latin America', 'North America', 'South Asia', 'Southeast Asia']): [2, 1, 2, 0, 0, 1, 1] -> ['Americas', 'Asia-Pacific', 'Europe & Africa']
Region pos_weight (id order, ['Africa', 'East Asia', 'Europe', 'Latin America', 'North America', 'South Asia', 'Southeast Asia']): [3.240000009536743, 1.1720000505447388, 1.3890876770019531, 1.5333333015441895, 0.8700879216194153, 1.8300000429153442, 1.576923131942749]

Best val composite score: 0.7880
Best params: {'lr': 0.0011103647313054626, 'dropout': 0.1, 'weight_decay': 0.0001, 'hidden_dim': 128, 'n_layers': 3, 'embed_dim': 4, 'shrink_lambda': 3.106554858581908, 'cluster_shrink_lambda': 1.8789279685460507}
  epoch 00  score=0.7314  (auc=0.7839 pr_auc=0.8031 f1=0.6866 macro_recall=0.5643)
  epoch 01  score=0.7358  (auc=0.8215 pr_auc=0.8302 f1=0.7088 macro_recall=0.4233)
  epoch 02  score=0.7443  (auc=0.8220 pr_auc=0.8345 f1=0.7172 macro_recall=0.4578)
  epoch 03  score=0.7476  (auc=0.8213 pr_auc=0.8345 f1=0.7193 macro_recall=0.4781)
  epoch 04  score=0.7385  (auc=0.8220 pr_auc=0.8356 f1=0.7038 macro_recall=0.4396)
  epoch 05  score=0.7388  (auc=0.8241 pr_auc=0.8345 f1=0.7069 macro_recall=0.4331)
  epoch 06  score=0.7560  (auc=0.8319 pr_auc=0.8423 f1=0.7352 macro_recall=0.4697)
  epoch 07  score=0.7542  (auc=0.8334 pr_auc=0.8421 f1=0.7284 macro_recall=0.4659)
  epoch 08  score=0.7600  (auc=0.8340 pr_auc=0.8424 f1=0.7367 macro_recall=0.4884)
  epoch 09  score=0.7650  (auc=0.8333 pr_auc=0.8422 f1=0.7362 macro_recall=0.5252)
  epoch 10  score=0.7631  (auc=0.8352 pr_auc=0.8442 f1=0.7394 macro_recall=0.4994)
  epoch 11  score=0.7785  (auc=0.8398 pr_auc=0.8485 f1=0.7566 macro_recall=0.5557)
  epoch 12  score=0.7564  (auc=0.8401 pr_auc=0.8469 f1=0.7181 macro_recall=0.4738)
  epoch 13  score=0.7700  (auc=0.8390 pr_auc=0.8457 f1=0.7395 macro_recall=0.5339)
  epoch 14  score=0.7694  (auc=0.8374 pr_auc=0.8458 f1=0.7358 macro_recall=0.5395)
  epoch 15  score=0.7764  (auc=0.8382 pr_auc=0.8470 f1=0.7501 macro_recall=0.5584)
  epoch 16  score=0.7809  (auc=0.8414 pr_auc=0.8479 f1=0.7530 macro_recall=0.5746)
  epoch 17  score=0.7738  (auc=0.8422 pr_auc=0.8502 f1=0.7399 macro_recall=0.5433)
  epoch 18  score=0.7756  (auc=0.8397 pr_auc=0.8474 f1=0.7430 macro_recall=0.5606)
  epoch 19  score=0.7786  (auc=0.8390 pr_auc=0.8471 f1=0.7445 macro_recall=0.5800)
  epoch 20  score=0.7815  (auc=0.8430 pr_auc=0.8523 f1=0.7563 macro_recall=0.5621)
  epoch 21  score=0.7816  (auc=0.8464 pr_auc=0.8543 f1=0.7595 macro_recall=0.5458)
  epoch 22  score=0.7875  (auc=0.8441 pr_auc=0.8525 f1=0.7587 macro_recall=0.5950)
  epoch 23  score=0.7772  (auc=0.8443 pr_auc=0.8513 f1=0.7476 macro_recall=0.5464)
  epoch 24  score=0.7650  (auc=0.8449 pr_auc=0.8526 f1=0.7366 macro_recall=0.4800)
  epoch 25  score=0.7880  (auc=0.8449 pr_auc=0.8533 f1=0.7592 macro_recall=0.5946)
  epoch 26  score=0.7745  (auc=0.8465 pr_auc=0.8537 f1=0.7494 macro_recall=0.5163)
  epoch 27  score=0.7723  (auc=0.8444 pr_auc=0.8536 f1=0.7470 macro_recall=0.5111)
  epoch 28  score=0.7716  (auc=0.8426 pr_auc=0.8519 f1=0.7382 macro_recall=0.5281)
  epoch 29  score=0.7800  (auc=0.8437 pr_auc=0.8526 f1=0.7548 macro_recall=0.5525)
  epoch 30  score=0.7825  (auc=0.8433 pr_auc=0.8517 f1=0.7515 macro_recall=0.5771)

Saved trained SFTNN to artifacts_exp16/sftnn_model.pt
