[I 2026-09-21 14:22:33,579] A new study created in memory with name: no-name-3fdc7acd-6454-48e5-9849-db6128fadfee
[I 2026-09-21 14:22:57,950] Trial 0 finished with value: 0.7576911657140462 and parameters: {'lr': 0.0005611516415334506, 'dropout': 0.1, 'weight_decay': 1e-05, 'hidden_dim': 64, 'n_layers': 2, 'embed_dim': 4, 'shrink_lambda': 2.03664420268309, 'cluster_shrink_lambda': 2.0492680115417348}. Best is trial 0 with value: 0.7576911657140462.
[I 2026-09-21 14:23:13,910] Trial 1 finished with value: 0.7528033967981145 and parameters: {'lr': 0.0004059611610484307, 'dropout': 0.1, 'weight_decay': 1e-05, 'hidden_dim': 128, 'n_layers': 2, 'embed_dim': 8, 'shrink_lambda': 10.769622478263129, 'cluster_shrink_lambda': 1.948567125127257}. Best is trial 0 with value: 0.7576911657140462.
[I 2026-09-21 14:23:34,123] Trial 2 finished with value: 0.7463286987653225 and parameters: {'lr': 0.00013492834268013249, 'dropout': 0.2, 'weight_decay': 0.001, 'hidden_dim': 64, 'n_layers': 2, 'embed_dim': 4, 'shrink_lambda': 3.3852267834519774, 'cluster_shrink_lambda': 7.648565112369945}. Best is trial 0 with value: 0.7576911657140462.
[I 2026-09-21 14:23:58,823] Trial 3 finished with value: 0.7614537784824604 and parameters: {'lr': 0.0012399967836846098, 'dropout': 0.2, 'weight_decay': 1e-05, 'hidden_dim': 64, 'n_layers': 2, 'embed_dim': 8, 'shrink_lambda': 25.58586885593424, 'cluster_shrink_lambda': 4.037506188440754}. Best is trial 3 with value: 0.7614537784824604.
[I 2026-09-21 14:24:12,512] Trial 4 finished with value: 0.7451368193938934 and parameters: {'lr': 0.0003646439558980723, 'dropout': 0.3, 'weight_decay': 0.0001, 'hidden_dim': 64, 'n_layers': 2, 'embed_dim': 8, 'shrink_lambda': 4.064644058668375, 'cluster_shrink_lambda': 1.5734685129393668}. Best is trial 3 with value: 0.7614537784824604.
[I 2026-09-21 14:24:21,649] Trial 5 finished with value: 0.7509723998900147 and parameters: {'lr': 0.005323617594751502, 'dropout': 0.1, 'weight_decay': 0.001, 'hidden_dim': 128, 'n_layers': 2, 'embed_dim': 8, 'shrink_lambda': 20.41033406525705, 'cluster_shrink_lambda': 6.901506581791921}. Best is trial 3 with value: 0.7614537784824604.
[I 2026-09-21 14:24:57,386] Trial 6 finished with value: 0.7812239085756438 and parameters: {'lr': 0.0011103647313054626, 'dropout': 0.1, 'weight_decay': 0.0001, 'hidden_dim': 128, 'n_layers': 3, 'embed_dim': 4, 'shrink_lambda': 3.106554858581908, 'cluster_shrink_lambda': 1.8789279685460507}. Best is trial 6 with value: 0.7812239085756438.
[I 2026-09-21 14:25:12,623] Trial 7 finished with value: 0.7563295006019709 and parameters: {'lr': 0.007234279845665418, 'dropout': 0.3, 'weight_decay': 0.001, 'hidden_dim': 128, 'n_layers': 2, 'embed_dim': 16, 'shrink_lambda': 24.534801599183357, 'cluster_shrink_lambda': 28.99715852166588}. Best is trial 6 with value: 0.7812239085756438.
[I 2026-09-21 14:25:35,353] Trial 8 finished with value: 0.7477389213153912 and parameters: {'lr': 0.00010325337616482048, 'dropout': 0.1, 'weight_decay': 0.001, 'hidden_dim': 128, 'n_layers': 2, 'embed_dim': 4, 'shrink_lambda': 6.995363653959079, 'cluster_shrink_lambda': 3.2447648098898547}. Best is trial 6 with value: 0.7812239085756438.
[I 2026-09-21 14:25:50,921] Trial 9 finished with value: 0.7468007864287212 and parameters: {'lr': 0.00037126241790405324, 'dropout': 0.2, 'weight_decay': 0.001, 'hidden_dim': 64, 'n_layers': 3, 'embed_dim': 16, 'shrink_lambda': 2.5336058850767755, 'cluster_shrink_lambda': 17.26703355444434}. Best is trial 6 with value: 0.7812239085756438.
[I 2026-09-21 14:26:25,846] Trial 10 finished with value: 0.7812195292789984 and parameters: {'lr': 0.002185362633116951, 'dropout': 0.1, 'weight_decay': 0.0001, 'hidden_dim': 128, 'n_layers': 3, 'embed_dim': 4, 'shrink_lambda': 1.0629065830612703, 'cluster_shrink_lambda': 1.0657016278742406}. Best is trial 6 with value: 0.7812239085756438.
[I 2026-09-21 14:27:01,788] Trial 11 finished with value: 0.7819929627953451 and parameters: {'lr': 0.0023660620781758134, 'dropout': 0.1, 'weight_decay': 0.0001, 'hidden_dim': 128, 'n_layers': 3, 'embed_dim': 4, 'shrink_lambda': 1.0755483741778042, 'cluster_shrink_lambda': 1.044224584290679}. Best is trial 11 with value: 0.7819929627953451.
[I 2026-09-21 14:27:39,110] Trial 12 finished with value: 0.7823548698998265 and parameters: {'lr': 0.0023976227274240727, 'dropout': 0.1, 'weight_decay': 0.0001, 'hidden_dim': 128, 'n_layers': 3, 'embed_dim': 4, 'shrink_lambda': 1.084520880139058, 'cluster_shrink_lambda': 1.1757380011162268}. Best is trial 12 with value: 0.7823548698998265.
[I 2026-09-21 14:27:57,595] Trial 13 finished with value: 0.7703416579076561 and parameters: {'lr': 0.0033561752687869804, 'dropout': 0.1, 'weight_decay': 0.0001, 'hidden_dim': 128, 'n_layers': 3, 'embed_dim': 4, 'shrink_lambda': 1.0075769077192476, 'cluster_shrink_lambda': 1.0106798105757415}. Best is trial 12 with value: 0.7823548698998265.
[I 2026-09-21 14:28:32,014] Trial 14 finished with value: 0.7817266009803837 and parameters: {'lr': 0.002302016777926322, 'dropout': 0.1, 'weight_decay': 0.0001, 'hidden_dim': 128, 'n_layers': 3, 'embed_dim': 4, 'shrink_lambda': 1.4565639662486496, 'cluster_shrink_lambda': 3.235799666865679}. Best is trial 12 with value: 0.7823548698998265.
[I 2026-09-21 14:29:02,141] Trial 15 finished with value: 0.7642064965956115 and parameters: {'lr': 0.009909286372103716, 'dropout': 0.3, 'weight_decay': 0.0001, 'hidden_dim': 128, 'n_layers': 3, 'embed_dim': 4, 'shrink_lambda': 1.3901026297423345, 'cluster_shrink_lambda': 1.0070166917420251}. Best is trial 12 with value: 0.7823548698998265.
[I 2026-09-21 14:29:36,681] Trial 16 finished with value: 0.7819648319365253 and parameters: {'lr': 0.0010210503661308144, 'dropout': 0.1, 'weight_decay': 0.0001, 'hidden_dim': 128, 'n_layers': 3, 'embed_dim': 16, 'shrink_lambda': 1.7966725083443962, 'cluster_shrink_lambda': 5.110878139041239}. Best is trial 12 with value: 0.7823548698998265.
[I 2026-09-21 14:29:45,998] Trial 17 finished with value: 0.7476196683787725 and parameters: {'lr': 0.003920055207554607, 'dropout': 0.1, 'weight_decay': 0.0001, 'hidden_dim': 128, 'n_layers': 3, 'embed_dim': 4, 'shrink_lambda': 1.052909610884599, 'cluster_shrink_lambda': 1.515628293922649}. Best is trial 12 with value: 0.7823548698998265.
[I 2026-09-21 14:30:29,130] Trial 18 finished with value: 0.7641665237808211 and parameters: {'lr': 0.0016516444441349277, 'dropout': 0.3, 'weight_decay': 0.0001, 'hidden_dim': 128, 'n_layers': 3, 'embed_dim': 4, 'shrink_lambda': 5.250248517478654, 'cluster_shrink_lambda': 2.6935608865489016}. Best is trial 12 with value: 0.7823548698998265.
[I 2026-09-21 14:30:51,112] Trial 19 finished with value: 0.7493145898401383 and parameters: {'lr': 0.0007123498417990458, 'dropout': 0.2, 'weight_decay': 0.0001, 'hidden_dim': 128, 'n_layers': 3, 'embed_dim': 16, 'shrink_lambda': 2.152619111579644, 'cluster_shrink_lambda': 1.4229938106967581}. Best is trial 12 with value: 0.7823548698998265.
[I 2026-09-21 14:31:17,664] Trial 20 finished with value: 0.7720669745428245 and parameters: {'lr': 0.003073613995495253, 'dropout': 0.1, 'weight_decay': 1e-05, 'hidden_dim': 128, 'n_layers': 3, 'embed_dim': 4, 'shrink_lambda': 1.6064862536276312, 'cluster_shrink_lambda': 11.880099037851458}. Best is trial 12 with value: 0.7823548698998265.
[I 2026-09-21 14:32:01,875] Trial 21 finished with value: 0.7793679273390071 and parameters: {'lr': 0.0008388183738532914, 'dropout': 0.1, 'weight_decay': 0.0001, 'hidden_dim': 128, 'n_layers': 3, 'embed_dim': 16, 'shrink_lambda': 1.6603598089262892, 'cluster_shrink_lambda': 4.953139407444346}. Best is trial 12 with value: 0.7823548698998265.
[I 2026-09-21 14:32:38,793] Trial 22 finished with value: 0.7707939594386723 and parameters: {'lr': 0.0017051011109026032, 'dropout': 0.1, 'weight_decay': 0.0001, 'hidden_dim': 128, 'n_layers': 3, 'embed_dim': 16, 'shrink_lambda': 2.508984056690983, 'cluster_shrink_lambda': 45.063706736393485}. Best is trial 12 with value: 0.7823548698998265.
[I 2026-09-21 14:33:52,403] Trial 23 finished with value: 0.7815335320161947 and parameters: {'lr': 0.001154368654855264, 'dropout': 0.1, 'weight_decay': 0.0001, 'hidden_dim': 128, 'n_layers': 3, 'embed_dim': 16, 'shrink_lambda': 1.4107433135713332, 'cluster_shrink_lambda': 14.687842510160747}. Best is trial 12 with value: 0.7823548698998265.
[I 2026-09-21 14:35:22,015] Trial 24 finished with value: 0.7821186728711914 and parameters: {'lr': 0.0019531684871599495, 'dropout': 0.1, 'weight_decay': 0.0001, 'hidden_dim': 128, 'n_layers': 3, 'embed_dim': 16, 'shrink_lambda': 46.74058114450028, 'cluster_shrink_lambda': 6.360114515102259}. Best is trial 12 with value: 0.7823548698998265.
[I 2026-09-21 14:36:41,041] Trial 25 finished with value: 0.7714011194251592 and parameters: {'lr': 0.0046945027768442536, 'dropout': 0.1, 'weight_decay': 0.0001, 'hidden_dim': 128, 'n_layers': 3, 'embed_dim': 16, 'shrink_lambda': 41.40439855503357, 'cluster_shrink_lambda': 8.76889705771517}. Best is trial 12 with value: 0.7823548698998265.
[I 2026-09-21 14:37:16,621] Trial 26 finished with value: 0.7547665199880534 and parameters: {'lr': 0.0025283093805595377, 'dropout': 0.1, 'weight_decay': 0.0001, 'hidden_dim': 64, 'n_layers': 3, 'embed_dim': 4, 'shrink_lambda': 10.917125487848972, 'cluster_shrink_lambda': 2.4109194515232835}. Best is trial 12 with value: 0.7823548698998265.
[I 2026-09-21 14:38:26,358] Trial 27 finished with value: 0.7779459821721705 and parameters: {'lr': 0.0017372763123340703, 'dropout': 0.1, 'weight_decay': 0.0001, 'hidden_dim': 128, 'n_layers': 3, 'embed_dim': 8, 'shrink_lambda': 14.169681726040903, 'cluster_shrink_lambda': 27.164892767581353}. Best is trial 12 with value: 0.7823548698998265.
[I 2026-09-21 14:39:38,498] Trial 28 finished with value: 0.7708433298886952 and parameters: {'lr': 0.005249062074948535, 'dropout': 0.2, 'weight_decay': 1e-05, 'hidden_dim': 128, 'n_layers': 3, 'embed_dim': 16, 'shrink_lambda': 40.09914387246918, 'cluster_shrink_lambda': 1.3425143829979653}. Best is trial 12 with value: 0.7823548698998265.
[I 2026-09-21 14:40:31,538] Trial 29 finished with value: 0.7446299151331598 and parameters: {'lr': 0.0005836164684690517, 'dropout': 0.3, 'weight_decay': 0.0001, 'hidden_dim': 64, 'n_layers': 3, 'embed_dim': 4, 'shrink_lambda': 5.825273301520991, 'cluster_shrink_lambda': 2.248209681656441}. Best is trial 12 with value: 0.7823548698998265.
Region training counts (id order): [106.0, 1086.0, 5342.0, 532.0, 16799.0, 566.0, 335.0]
Region clusters (id order, ['Africa', 'East Asia', 'Europe', 'Latin America', 'North America', 'South Asia', 'Southeast Asia']): [0, 1, 1, 0, 2, 1, 1] -> ['Africa-LatAm', 'Europe-Asia', 'North-America-Only']

Best val composite score: 0.7824
Best params: {'lr': 0.0023976227274240727, 'dropout': 0.1, 'weight_decay': 0.0001, 'hidden_dim': 128, 'n_layers': 3, 'embed_dim': 4, 'shrink_lambda': 1.084520880139058, 'cluster_shrink_lambda': 1.1757380011162268}
  epoch 00  score=0.7112  (auc=0.8019 pr_auc=0.8158 f1=0.6882 macro_recall=0.3636)
  epoch 01  score=0.7353  (auc=0.8272 pr_auc=0.8361 f1=0.7213 macro_recall=0.3764)
  epoch 02  score=0.7474  (auc=0.8309 pr_auc=0.8419 f1=0.7316 macro_recall=0.4213)
  epoch 03  score=0.7486  (auc=0.8305 pr_auc=0.8419 f1=0.7366 macro_recall=0.4219)
  epoch 04  score=0.7372  (auc=0.8328 pr_auc=0.8434 f1=0.7154 macro_recall=0.3735)
  epoch 05  score=0.7432  (auc=0.8348 pr_auc=0.8443 f1=0.7226 macro_recall=0.3953)
  epoch 06  score=0.7468  (auc=0.8341 pr_auc=0.8454 f1=0.7366 macro_recall=0.3956)
  epoch 07  score=0.7491  (auc=0.8361 pr_auc=0.8465 f1=0.7334 macro_recall=0.4098)
  epoch 08  score=0.7590  (auc=0.8411 pr_auc=0.8502 f1=0.7480 macro_recall=0.4339)
  epoch 09  score=0.7591  (auc=0.8434 pr_auc=0.8513 f1=0.7415 macro_recall=0.4381)
  epoch 10  score=0.7553  (auc=0.8406 pr_auc=0.8503 f1=0.7412 macro_recall=0.4211)
  epoch 11  score=0.7665  (auc=0.8446 pr_auc=0.8536 f1=0.7522 macro_recall=0.4631)
  epoch 12  score=0.7583  (auc=0.8428 pr_auc=0.8511 f1=0.7429 macro_recall=0.4319)
  epoch 13  score=0.7647  (auc=0.8453 pr_auc=0.8525 f1=0.7498 macro_recall=0.4552)
  epoch 14  score=0.7615  (auc=0.8449 pr_auc=0.8528 f1=0.7438 macro_recall=0.4444)
  epoch 15  score=0.7655  (auc=0.8462 pr_auc=0.8545 f1=0.7472 macro_recall=0.4593)
  epoch 16  score=0.7702  (auc=0.8470 pr_auc=0.8537 f1=0.7540 macro_recall=0.4789)
  epoch 17  score=0.7651  (auc=0.8458 pr_auc=0.8533 f1=0.7431 macro_recall=0.4665)
  epoch 18  score=0.7684  (auc=0.8463 pr_auc=0.8532 f1=0.7473 macro_recall=0.4802)
  epoch 19  score=0.7720  (auc=0.8460 pr_auc=0.8531 f1=0.7476 macro_recall=0.5051)
  epoch 20  score=0.7704  (auc=0.8486 pr_auc=0.8577 f1=0.7515 macro_recall=0.4737)
  epoch 21  score=0.7668  (auc=0.8494 pr_auc=0.8573 f1=0.7487 macro_recall=0.4532)
  epoch 22  score=0.7824  (auc=0.8476 pr_auc=0.8568 f1=0.7646 macro_recall=0.5358)
  epoch 23  score=0.7712  (auc=0.8499 pr_auc=0.8571 f1=0.7549 macro_recall=0.4712)
  epoch 24  score=0.7660  (auc=0.8485 pr_auc=0.8562 f1=0.7494 macro_recall=0.4507)
  epoch 25  score=0.7766  (auc=0.8481 pr_auc=0.8568 f1=0.7551 macro_recall=0.5119)
  epoch 26  score=0.7632  (auc=0.8499 pr_auc=0.8574 f1=0.7405 macro_recall=0.4418)
  epoch 27  score=0.7689  (auc=0.8485 pr_auc=0.8584 f1=0.7490 macro_recall=0.4670)

Saved trained SFTNN to artifacts_exp10/sftnn_model.pt
