[I 2026-09-21 15:29:36,733] A new study created in memory with name: no-name-432813e2-ca2c-4697-9c4d-d63748a34fc2
[I 2026-09-21 15:30:34,448] Trial 0 finished with value: 0.7582596204593459 and parameters: {'lr': 0.0005611516415334506, 'dropout': 0.1, 'weight_decay': 1e-05, 'hidden_dim': 64, 'n_layers': 2, 'embed_dim': 4, 'shrink_lambda': 2.03664420268309, 'cluster_shrink_lambda': 2.0492680115417348}. Best is trial 0 with value: 0.7582596204593459.
[I 2026-09-21 15:31:30,390] Trial 1 finished with value: 0.7523950932023611 and parameters: {'lr': 0.0004059611610484307, 'dropout': 0.1, 'weight_decay': 1e-05, 'hidden_dim': 128, 'n_layers': 2, 'embed_dim': 8, 'shrink_lambda': 10.769622478263129, 'cluster_shrink_lambda': 1.948567125127257}. Best is trial 0 with value: 0.7582596204593459.
[I 2026-09-21 15:32:28,806] Trial 2 finished with value: 0.7460047465901073 and parameters: {'lr': 0.00013492834268013249, 'dropout': 0.2, 'weight_decay': 0.001, 'hidden_dim': 64, 'n_layers': 2, 'embed_dim': 4, 'shrink_lambda': 3.3852267834519774, 'cluster_shrink_lambda': 7.648565112369945}. Best is trial 0 with value: 0.7582596204593459.
[I 2026-09-21 15:33:40,741] Trial 3 finished with value: 0.7631386595933808 and parameters: {'lr': 0.0012399967836846098, 'dropout': 0.2, 'weight_decay': 1e-05, 'hidden_dim': 64, 'n_layers': 2, 'embed_dim': 8, 'shrink_lambda': 25.58586885593424, 'cluster_shrink_lambda': 4.037506188440754}. Best is trial 3 with value: 0.7631386595933808.
[I 2026-09-21 15:34:20,293] Trial 4 finished with value: 0.7459994737428178 and parameters: {'lr': 0.0003646439558980723, 'dropout': 0.3, 'weight_decay': 0.0001, 'hidden_dim': 64, 'n_layers': 2, 'embed_dim': 8, 'shrink_lambda': 4.064644058668375, 'cluster_shrink_lambda': 1.5734685129393668}. Best is trial 3 with value: 0.7631386595933808.
[I 2026-09-21 15:35:04,179] Trial 5 finished with value: 0.7653733770527753 and parameters: {'lr': 0.005323617594751502, 'dropout': 0.1, 'weight_decay': 0.001, 'hidden_dim': 128, 'n_layers': 2, 'embed_dim': 8, 'shrink_lambda': 20.41033406525705, 'cluster_shrink_lambda': 6.901506581791921}. Best is trial 5 with value: 0.7653733770527753.
[I 2026-09-21 15:36:48,243] Trial 6 finished with value: 0.7823465614740006 and parameters: {'lr': 0.0011103647313054626, 'dropout': 0.1, 'weight_decay': 0.0001, 'hidden_dim': 128, 'n_layers': 3, 'embed_dim': 4, 'shrink_lambda': 3.106554858581908, 'cluster_shrink_lambda': 1.8789279685460507}. Best is trial 6 with value: 0.7823465614740006.
[I 2026-09-21 15:37:49,136] Trial 7 finished with value: 0.7556246495570162 and parameters: {'lr': 0.007234279845665418, 'dropout': 0.3, 'weight_decay': 0.001, 'hidden_dim': 128, 'n_layers': 2, 'embed_dim': 16, 'shrink_lambda': 24.534801599183357, 'cluster_shrink_lambda': 28.99715852166588}. Best is trial 6 with value: 0.7823465614740006.
[I 2026-09-21 15:39:15,135] Trial 8 finished with value: 0.7479046314385766 and parameters: {'lr': 0.00010325337616482048, 'dropout': 0.1, 'weight_decay': 0.001, 'hidden_dim': 128, 'n_layers': 2, 'embed_dim': 4, 'shrink_lambda': 6.995363653959079, 'cluster_shrink_lambda': 3.2447648098898547}. Best is trial 6 with value: 0.7823465614740006.
[I 2026-09-21 15:40:15,093] Trial 9 finished with value: 0.7469337141662673 and parameters: {'lr': 0.00037126241790405324, 'dropout': 0.2, 'weight_decay': 0.001, 'hidden_dim': 64, 'n_layers': 3, 'embed_dim': 16, 'shrink_lambda': 2.5336058850767755, 'cluster_shrink_lambda': 17.26703355444434}. Best is trial 6 with value: 0.7823465614740006.
[I 2026-09-21 15:41:00,751] Trial 10 finished with value: 0.7542548476101871 and parameters: {'lr': 0.002185362633116951, 'dropout': 0.1, 'weight_decay': 0.0001, 'hidden_dim': 128, 'n_layers': 3, 'embed_dim': 4, 'shrink_lambda': 1.0629065830612703, 'cluster_shrink_lambda': 1.0657016278742406}. Best is trial 6 with value: 0.7823465614740006.
[I 2026-09-21 15:42:39,715] Trial 11 finished with value: 0.7803701394837997 and parameters: {'lr': 0.008726851292048315, 'dropout': 0.1, 'weight_decay': 0.0001, 'hidden_dim': 128, 'n_layers': 3, 'embed_dim': 8, 'shrink_lambda': 48.36715554304272, 'cluster_shrink_lambda': 8.483299648876558}. Best is trial 6 with value: 0.7823465614740006.
[I 2026-09-21 15:44:03,674] Trial 12 finished with value: 0.7756261704038762 and parameters: {'lr': 0.003031192068854184, 'dropout': 0.1, 'weight_decay': 0.0001, 'hidden_dim': 128, 'n_layers': 3, 'embed_dim': 8, 'shrink_lambda': 48.722169900390895, 'cluster_shrink_lambda': 12.84948677031863}. Best is trial 6 with value: 0.7823465614740006.
[I 2026-09-21 15:45:19,643] Trial 13 finished with value: 0.7749358454616723 and parameters: {'lr': 0.009322714956351513, 'dropout': 0.1, 'weight_decay': 0.0001, 'hidden_dim': 128, 'n_layers': 3, 'embed_dim': 4, 'shrink_lambda': 9.095942847661913, 'cluster_shrink_lambda': 39.11165869484964}. Best is trial 6 with value: 0.7823465614740006.
[I 2026-09-21 15:46:44,420] Trial 14 finished with value: 0.7842145864592902 and parameters: {'lr': 0.0010815164796272206, 'dropout': 0.1, 'weight_decay': 0.0001, 'hidden_dim': 128, 'n_layers': 3, 'embed_dim': 16, 'shrink_lambda': 47.80276392082645, 'cluster_shrink_lambda': 4.559681683502713}. Best is trial 14 with value: 0.7842145864592902.
[I 2026-09-21 15:47:23,561] Trial 15 finished with value: 0.7446856869345745 and parameters: {'lr': 0.0009120423947030985, 'dropout': 0.3, 'weight_decay': 0.0001, 'hidden_dim': 128, 'n_layers': 3, 'embed_dim': 16, 'shrink_lambda': 1.138585390222389, 'cluster_shrink_lambda': 3.539272127944866}. Best is trial 14 with value: 0.7842145864592902.
[I 2026-09-21 15:48:49,339] Trial 16 finished with value: 0.7814114280866868 and parameters: {'lr': 0.0015137131513550683, 'dropout': 0.1, 'weight_decay': 0.0001, 'hidden_dim': 128, 'n_layers': 3, 'embed_dim': 16, 'shrink_lambda': 5.75043746444, 'cluster_shrink_lambda': 5.047773663770887}. Best is trial 14 with value: 0.7842145864592902.
[I 2026-09-21 15:50:35,192] Trial 17 finished with value: 0.7819952335020798 and parameters: {'lr': 0.0007470267136443908, 'dropout': 0.1, 'weight_decay': 0.0001, 'hidden_dim': 128, 'n_layers': 3, 'embed_dim': 16, 'shrink_lambda': 13.64792437681387, 'cluster_shrink_lambda': 1.0339531195763947}. Best is trial 14 with value: 0.7842145864592902.
[I 2026-09-21 15:51:17,495] Trial 18 finished with value: 0.7516902400177635 and parameters: {'lr': 0.002263589331917947, 'dropout': 0.3, 'weight_decay': 0.0001, 'hidden_dim': 128, 'n_layers': 3, 'embed_dim': 16, 'shrink_lambda': 18.471298679558796, 'cluster_shrink_lambda': 2.328694968211924}. Best is trial 14 with value: 0.7842145864592902.
[I 2026-09-21 15:52:14,588] Trial 19 finished with value: 0.7433430874558311 and parameters: {'lr': 0.00019591682408718494, 'dropout': 0.2, 'weight_decay': 0.0001, 'hidden_dim': 128, 'n_layers': 3, 'embed_dim': 4, 'shrink_lambda': 1.8191858538450556, 'cluster_shrink_lambda': 5.307081097764348}. Best is trial 14 with value: 0.7842145864592902.
[I 2026-09-21 15:52:50,452] Trial 20 finished with value: 0.7527305441769178 and parameters: {'lr': 0.004538726845063602, 'dropout': 0.1, 'weight_decay': 1e-05, 'hidden_dim': 128, 'n_layers': 3, 'embed_dim': 16, 'shrink_lambda': 32.27108277958834, 'cluster_shrink_lambda': 2.8138553147466676}. Best is trial 14 with value: 0.7842145864592902.
[I 2026-09-21 15:54:23,277] Trial 21 finished with value: 0.7799139977924427 and parameters: {'lr': 0.0007875783771916436, 'dropout': 0.1, 'weight_decay': 0.0001, 'hidden_dim': 128, 'n_layers': 3, 'embed_dim': 16, 'shrink_lambda': 13.368997405354563, 'cluster_shrink_lambda': 1.297026278679457}. Best is trial 14 with value: 0.7842145864592902.
[I 2026-09-21 15:56:12,907] Trial 22 finished with value: 0.7809441781745894 and parameters: {'lr': 0.0007203072703046255, 'dropout': 0.1, 'weight_decay': 0.0001, 'hidden_dim': 128, 'n_layers': 3, 'embed_dim': 16, 'shrink_lambda': 14.920999604753959, 'cluster_shrink_lambda': 1.0086077263910411}. Best is trial 14 with value: 0.7842145864592902.
[I 2026-09-21 15:57:24,238] Trial 23 finished with value: 0.7698083362146781 and parameters: {'lr': 0.001283346444173258, 'dropout': 0.1, 'weight_decay': 0.0001, 'hidden_dim': 128, 'n_layers': 3, 'embed_dim': 16, 'shrink_lambda': 33.51009239218469, 'cluster_shrink_lambda': 1.683216900617703}. Best is trial 14 with value: 0.7842145864592902.
[I 2026-09-21 15:58:37,021] Trial 24 finished with value: 0.7516284805124068 and parameters: {'lr': 0.0002508323738208634, 'dropout': 0.1, 'weight_decay': 0.0001, 'hidden_dim': 128, 'n_layers': 3, 'embed_dim': 16, 'shrink_lambda': 5.413168308544461, 'cluster_shrink_lambda': 1.3786049514377268}. Best is trial 14 with value: 0.7842145864592902.
[I 2026-09-21 15:59:39,977] Trial 25 finished with value: 0.7528285509962025 and parameters: {'lr': 0.0005726200790234872, 'dropout': 0.1, 'weight_decay': 0.0001, 'hidden_dim': 128, 'n_layers': 3, 'embed_dim': 4, 'shrink_lambda': 8.587168367104328, 'cluster_shrink_lambda': 2.6399651089453156}. Best is trial 14 with value: 0.7842145864592902.
[I 2026-09-21 16:00:58,843] Trial 26 finished with value: 0.7774231993590134 and parameters: {'lr': 0.0017228832833983947, 'dropout': 0.1, 'weight_decay': 0.0001, 'hidden_dim': 64, 'n_layers': 3, 'embed_dim': 16, 'shrink_lambda': 36.50719287281884, 'cluster_shrink_lambda': 11.39857152833566}. Best is trial 14 with value: 0.7842145864592902.
[I 2026-09-21 16:02:39,241] Trial 27 finished with value: 0.7810692318462366 and parameters: {'lr': 0.0009203682182777326, 'dropout': 0.1, 'weight_decay': 0.0001, 'hidden_dim': 128, 'n_layers': 3, 'embed_dim': 4, 'shrink_lambda': 3.6817630065051747, 'cluster_shrink_lambda': 4.5626243453353075}. Best is trial 14 with value: 0.7842145864592902.
[I 2026-09-21 16:04:05,267] Trial 28 finished with value: 0.7768973136424635 and parameters: {'lr': 0.001072747870225583, 'dropout': 0.2, 'weight_decay': 0.0001, 'hidden_dim': 128, 'n_layers': 3, 'embed_dim': 16, 'shrink_lambda': 1.4550310436499108, 'cluster_shrink_lambda': 1.1535322628298497}. Best is trial 14 with value: 0.7842145864592902.
[I 2026-09-21 16:05:04,841] Trial 29 finished with value: 0.7440123836613723 and parameters: {'lr': 0.0005256273339190132, 'dropout': 0.3, 'weight_decay': 1e-05, 'hidden_dim': 64, 'n_layers': 3, 'embed_dim': 4, 'shrink_lambda': 2.179060836194688, 'cluster_shrink_lambda': 2.021709857953435}. Best is trial 14 with value: 0.7842145864592902.
Region training counts (id order): [106.0, 1086.0, 5342.0, 532.0, 16799.0, 566.0, 335.0]
Region clusters (id order, ['Africa', 'East Asia', 'Europe', 'Latin America', 'North America', 'South Asia', 'Southeast Asia']): [2, 1, 2, 0, 0, 1, 1] -> ['Americas', 'Asia-Pacific', 'Europe & Africa']

Best val composite score: 0.7842
Best params: {'lr': 0.0010815164796272206, 'dropout': 0.1, 'weight_decay': 0.0001, 'hidden_dim': 128, 'n_layers': 3, 'embed_dim': 16, 'shrink_lambda': 47.80276392082645, 'cluster_shrink_lambda': 4.559681683502713}
  [phase1] epoch 00  score=0.7085  (auc=0.7913 pr_auc=0.8090 f1=0.6894 macro_recall=0.3792)
  [phase1] epoch 01  score=0.7293  (auc=0.8259 pr_auc=0.8346 f1=0.7065 macro_recall=0.3664)
  [phase1] epoch 02  score=0.7439  (auc=0.8291 pr_auc=0.8388 f1=0.7268 macro_recall=0.4156)
  [phase1] epoch 03  score=0.7463  (auc=0.8298 pr_auc=0.8404 f1=0.7356 macro_recall=0.4128)
  [phase1] epoch 04  score=0.7377  (auc=0.8328 pr_auc=0.8428 f1=0.7170 macro_recall=0.3751)
  [phase1] epoch 05  score=0.7400  (auc=0.8328 pr_auc=0.8418 f1=0.7174 macro_recall=0.3914)
  [phase1] epoch 06  score=0.7468  (auc=0.8322 pr_auc=0.8442 f1=0.7335 macro_recall=0.4075)
  [phase1] epoch 07  score=0.7504  (auc=0.8349 pr_auc=0.8446 f1=0.7372 macro_recall=0.4183)
  [phase1] epoch 08  score=0.7540  (auc=0.8370 pr_auc=0.8458 f1=0.7423 macro_recall=0.4270)
  [phase1] epoch 09  score=0.7536  (auc=0.8376 pr_auc=0.8466 f1=0.7369 macro_recall=0.4306)
  [phase1] epoch 10  score=0.7517  (auc=0.8377 pr_auc=0.8474 f1=0.7351 macro_recall=0.4194)
  [phase1] epoch 11  score=0.7571  (auc=0.8400 pr_auc=0.8496 f1=0.7461 macro_recall=0.4278)
  [phase1] epoch 12  score=0.7552  (auc=0.8400 pr_auc=0.8497 f1=0.7377 macro_recall=0.4291)
  [phase1] epoch 13  score=0.7625  (auc=0.8411 pr_auc=0.8493 f1=0.7441 macro_recall=0.4650)
  [phase1] epoch 14  score=0.7591  (auc=0.8412 pr_auc=0.8500 f1=0.7329 macro_recall=0.4596)
  [phase1] epoch 15  score=0.7680  (auc=0.8443 pr_auc=0.8530 f1=0.7496 macro_recall=0.4791)
  [phase1] epoch 16  score=0.7689  (auc=0.8450 pr_auc=0.8528 f1=0.7525 macro_recall=0.4784)
  [phase1] epoch 17  score=0.7644  (auc=0.8454 pr_auc=0.8541 f1=0.7418 macro_recall=0.4636)
  [phase1] epoch 18  score=0.7686  (auc=0.8439 pr_auc=0.8514 f1=0.7471 macro_recall=0.4908)
  [phase1] epoch 19  score=0.7709  (auc=0.8436 pr_auc=0.8518 f1=0.7508 macro_recall=0.4997)
  [phase1] epoch 20  score=0.7692  (auc=0.8454 pr_auc=0.8544 f1=0.7488 macro_recall=0.4834)
  [phase1] epoch 21  score=0.7695  (auc=0.8485 pr_auc=0.8561 f1=0.7522 macro_recall=0.4695)
  [phase1] epoch 22  score=0.7842  (auc=0.8472 pr_auc=0.8546 f1=0.7660 macro_recall=0.5504)
  [phase1] epoch 23  score=0.7653  (auc=0.8476 pr_auc=0.8554 f1=0.7478 macro_recall=0.4526)
  [phase1] epoch 24  score=0.7621  (auc=0.8476 pr_auc=0.8552 f1=0.7403 macro_recall=0.4440)
  [phase1] epoch 25  score=0.7759  (auc=0.8487 pr_auc=0.8570 f1=0.7578 macro_recall=0.5007)
  [phase1] epoch 26  score=0.7633  (auc=0.8471 pr_auc=0.8564 f1=0.7482 macro_recall=0.4380)
  [phase1] epoch 27  score=0.7694  (auc=0.8458 pr_auc=0.8555 f1=0.7524 macro_recall=0.4761)
  [phase2] epoch 00  score=0.7698  (auc=0.8478 pr_auc=0.8546 f1=0.7492 macro_recall=0.4806)
  [phase2] epoch 01  score=0.7705  (auc=0.8485 pr_auc=0.8558 f1=0.7537 macro_recall=0.4744)
  [phase2] epoch 02  score=0.7747  (auc=0.8482 pr_auc=0.8552 f1=0.7581 macro_recall=0.4962)
  [phase2] epoch 03  score=0.7772  (auc=0.8484 pr_auc=0.8555 f1=0.7623 macro_recall=0.5056)
  [phase2] epoch 04  score=0.7714  (auc=0.8484 pr_auc=0.8557 f1=0.7553 macro_recall=0.4778)

Saved trained SFTNN to artifacts_exp12/sftnn_model.pt
