[I 2026-09-15 09:24:29,016] Trial 29 finished with value: 0.8338214782831009 and parameters: {'lr': 0.0036989463817394845, 'dropout': 0.2, 'weight_decay': 0.0001, 'hidden_dim': 64, 'n_layers': 1, 'embed_dim': 16, 'shrink_lambda': 0.00925330895118546}. Best is trial 27 with value: 0.8534415390733744.
Region training counts (id order): [106.0, 1086.0, 5342.0, 532.0, 16799.0, 566.0, 335.0]

Best val AUC: 0.8534
Best params: {'lr': 0.0022671893459680482, 'dropout': 0.1, 'weight_decay': 0.0001, 'hidden_dim': 128, 'n_layers': 3, 'embed_dim': 16, 'shrink_lambda': 0.03128149576925576}
  epoch 00  val_auc=0.8171
  epoch 01  val_auc=0.8286
  epoch 02  val_auc=0.8321
  epoch 03  val_auc=0.8326
  epoch 04  val_auc=0.8333
  epoch 05  val_auc=0.8364
  epoch 06  val_auc=0.8375
  epoch 07  val_auc=0.8377
  epoch 08  val_auc=0.8401
  epoch 09  val_auc=0.8440
  epoch 10  val_auc=0.8451
  epoch 11  val_auc=0.8452
  epoch 12  val_auc=0.8457
  epoch 13  val_auc=0.8460
  epoch 14  val_auc=0.8445
  epoch 15  val_auc=0.8445
  epoch 16  val_auc=0.8467
  epoch 17  val_auc=0.8476
  epoch 18  val_auc=0.8439
  epoch 19  val_auc=0.8481
  epoch 20  val_auc=0.8470
  epoch 21  val_auc=0.8466
  epoch 22  val_auc=0.8473
  epoch 23  val_auc=0.8477
  epoch 24  val_auc=0.8481
  epoch 25  val_auc=0.8496
  epoch 26  val_auc=0.8460
  epoch 27  val_auc=0.8448
  epoch 28  val_auc=0.8479
  epoch 29  val_auc=0.8483
  epoch 30  val_auc=0.8462

Saved trained SFTNN to artifacts/sftnn_model.pt
=== SFTNN DONE ===
C:\Users\Nacu\AppData\Local\Programs\Python\Python312\Lib\site-packages\pytorch_tabnet\abstract_model.py:82: UserWarning: Device used : cpu
  warnings.warn(f"Device used : {self.device}")
=== Table 4.6: Aggregate Evaluation ===
                  Model  Accuracy  Precision   Recall       F1  ROC-AUC   PR-AUC
Standard MLP (baseline)  0.749812   0.802223 0.657805 0.722871 0.824980 0.837893
     XGBoost (baseline)  0.767521   0.799059 0.709837 0.751810 0.843969 0.856338
      TabNet (baseline)  0.757536   0.768127 0.732245 0.749757 0.834454 0.849310
         Proposed SFTNN  0.757724   0.774786 0.721231 0.747050 0.837715 0.845452

=== Table 4.7: Per-Region Evaluation ===
                  Model         Region    n  Accuracy  Precision   Recall       F1  ROC-AUC   PR-AUC
Standard MLP (baseline)         Africa   24  0.791667   1.000000 0.166667 0.285714 0.574074 0.582492
Standard MLP (baseline)      East Asia  244  0.663934   0.641975 0.495238 0.559140 0.703837 0.699054
Standard MLP (baseline)         Europe 1159  0.753236   0.800687 0.505423 0.619681 0.809656 0.778193
Standard MLP (baseline)  Latin America  105  0.723810   0.645161 0.526316 0.579710 0.772192 0.724016
Standard MLP (baseline)  North America 3589  0.755921   0.816207 0.711726 0.760394 0.833856 0.861734
Standard MLP (baseline)     South Asia  111  0.729730   0.653846 0.447368 0.531250 0.789113 0.709144
Standard MLP (baseline) Southeast Asia   76  0.736842   0.730769 0.593750 0.655172 0.759233 0.757612
     XGBoost (baseline)         Africa   24  0.875000   1.000000 0.500000 0.666667 0.833333 0.747222
     XGBoost (baseline)      East Asia  244  0.700820   0.690476 0.552381 0.613757 0.733984 0.721970
     XGBoost (baseline)         Europe 1159  0.785160   0.811765 0.598698 0.689139 0.834425 0.810461
     XGBoost (baseline)  Latin America  105  0.809524   0.821429 0.605263 0.696970 0.862529 0.838827
     XGBoost (baseline)  North America 3589  0.764280   0.801306 0.753712 0.776781 0.847344 0.875387
     XGBoost (baseline)     South Asia  111  0.792793   0.826087 0.500000 0.622951 0.831471 0.772538
     XGBoost (baseline) Southeast Asia   76  0.736842   0.750000 0.562500 0.642857 0.780540 0.752773
      TabNet (baseline)         Africa   24  0.791667   0.666667 0.333333 0.444444 0.546296 0.538876
      TabNet (baseline)      East Asia  244  0.659836   0.614583 0.561905 0.587065 0.711819 0.714096
      TabNet (baseline)         Europe 1159  0.761864   0.725061 0.646421 0.683486 0.827249 0.802980
      TabNet (baseline)  Latin America  105  0.809524   0.909091 0.526316 0.666667 0.805970 0.790542
      TabNet (baseline)  North America 3589  0.760379   0.783896 0.772657 0.778236 0.840248 0.868377
      TabNet (baseline)     South Asia  111  0.774775   0.760000 0.500000 0.603175 0.775054 0.691773
      TabNet (baseline) Southeast Asia   76  0.763158   0.750000 0.656250 0.700000 0.779830 0.766115
         Proposed SFTNN         Africa   24  0.833333   0.750000 0.500000 0.600000 0.851852 0.747316
         Proposed SFTNN      East Asia  244  0.639344   0.584158 0.561905 0.572816 0.709729 0.690292
         Proposed SFTNN         Europe 1159  0.765315   0.756098 0.605206 0.672289 0.829561 0.792428
         Proposed SFTNN  Latin America  105  0.780952   0.777778 0.552632 0.646154 0.823252 0.791766
         Proposed SFTNN  North America 3589  0.761493   0.789752 0.765489 0.777431 0.842937 0.865877
         Proposed SFTNN     South Asia  111  0.792793   0.777778 0.552632 0.646154 0.829849 0.777268
         Proposed SFTNN Southeast Asia   76  0.736842   0.700000 0.656250 0.677419 0.761364 0.760086

Confusion matrix -- Standard MLP (baseline) (rows=actual, cols=predicted, order=[Success, Failure]):
[[1732  901]
 [ 427 2248]]

Confusion matrix -- XGBoost (baseline) (rows=actual, cols=predicted, order=[Success, Failure]):
[[1869  764]
 [ 470 2205]]

Confusion matrix -- TabNet (baseline) (rows=actual, cols=predicted, order=[Success, Failure]):
[[1928  705]
 [ 582 2093]]

Confusion matrix -- Proposed SFTNN (rows=actual, cols=predicted, order=[Success, Failure]):
[[1899  734]
 [ 552 2123]]

Saved: results/table_4_6_aggregate.csv, results/table_4_7_per_region.csv
=== EVALUATE DONE ===
Saved results/gamma_beta_heatmap.png

=== Counterfactual Region-Embedding Ablation (Section 4.10.2) ===
        Region    n  Recall (region-specific)  Recall (mean embedding)  F1 (region-specific)  F1 (mean embedding)  Recall_drop   F1_drop
        Africa   24                  0.500000                 0.500000              0.600000             0.600000     0.000000  0.000000
     East Asia  244                  0.561905                 0.561905              0.572816             0.572816     0.000000  0.000000
        Europe 1159                  0.605206                 0.626898              0.672289             0.676815    -0.021692 -0.004526
 Latin America  105                  0.552632                 0.473684              0.646154             0.610169     0.078947  0.035984
 North America 3589                  0.765489                 0.736303              0.777431             0.768368     0.029186  0.009063
    South Asia  111                  0.552632                 0.552632              0.646154             0.646154     0.000000  0.000000
Southeast Asia   76                  0.656250                 0.656250              0.677419             0.677419     0.000000  0.000000

Saved results/ablation_results.csv
Saved results/region_embedding_pca.png
=== INTERPRETABILITY DONE ===
