[I 2026-09-15 08:00:15,818] A new study created in memory with name: no-name-cb61c17a-ef20-4980-a043-16a1a656f4a6
C:\Users\Nacu\AppData\Local\Programs\Python\Python312\Lib\site-packages\pytorch_tabnet\callbacks.py:172: UserWarning: Best weights from best epoch are automatically used!
  warnings.warn(wrn_msg)
[I 2026-09-15 08:01:49,448] Trial 0 finished with value: 0.8340802630457631 and parameters: {'n_d_n_a': 16, 'n_steps': 3, 'gamma': 1.3}. Best is trial 0 with value: 0.8340802630457631.
C:\Users\Nacu\AppData\Local\Programs\Python\Python312\Lib\site-packages\pytorch_tabnet\callbacks.py:172: UserWarning: Best weights from best epoch are automatically used!
  warnings.warn(wrn_msg)
[I 2026-09-15 08:04:24,269] Trial 1 finished with value: 0.8469514672044995 and parameters: {'n_d_n_a': 24, 'n_steps': 3, 'gamma': 1.5}. Best is trial 1 with value: 0.8469514672044995.
C:\Users\Nacu\AppData\Local\Programs\Python\Python312\Lib\site-packages\pytorch_tabnet\callbacks.py:172: UserWarning: Best weights from best epoch are automatically used!
  warnings.warn(wrn_msg)
[I 2026-09-15 08:06:48,247] Trial 2 finished with value: 0.8066773428400988 and parameters: {'n_d_n_a': 24, 'n_steps': 7, 'gamma': 1.3}. Best is trial 1 with value: 0.8469514672044995.
C:\Users\Nacu\AppData\Local\Programs\Python\Python312\Lib\site-packages\pytorch_tabnet\callbacks.py:172: UserWarning: Best weights from best epoch are automatically used!
  warnings.warn(wrn_msg)
[I 2026-09-15 08:08:39,607] Trial 3 finished with value: 0.8340802630457631 and parameters: {'n_d_n_a': 16, 'n_steps': 3, 'gamma': 1.3}. Best is trial 1 with value: 0.8469514672044995.
C:\Users\Nacu\AppData\Local\Programs\Python\Python312\Lib\site-packages\pytorch_tabnet\callbacks.py:172: UserWarning: Best weights from best epoch are automatically used!
  warnings.warn(wrn_msg)
[I 2026-09-15 08:11:08,403] Trial 4 finished with value: 0.8066773428400988 and parameters: {'n_d_n_a': 24, 'n_steps': 7, 'gamma': 1.3}. Best is trial 1 with value: 0.8469514672044995.
C:\Users\Nacu\AppData\Local\Programs\Python\Python312\Lib\site-packages\pytorch_tabnet\callbacks.py:172: UserWarning: Best weights from best epoch are automatically used!
  warnings.warn(wrn_msg)
[I 2026-09-15 08:13:46,823] Trial 5 finished with value: 0.8072174246513081 and parameters: {'n_d_n_a': 8, 'n_steps': 7, 'gamma': 1.3}. Best is trial 1 with value: 0.8469514672044995.
C:\Users\Nacu\AppData\Local\Programs\Python\Python312\Lib\site-packages\pytorch_tabnet\callbacks.py:172: UserWarning: Best weights from best epoch are automatically used!
  warnings.warn(wrn_msg)
[I 2026-09-15 08:18:39,604] Trial 6 finished with value: 0.8289429167968638 and parameters: {'n_d_n_a': 16, 'n_steps': 7, 'gamma': 1.5}. Best is trial 1 with value: 0.8469514672044995.
C:\Users\Nacu\AppData\Local\Programs\Python\Python312\Lib\site-packages\pytorch_tabnet\callbacks.py:172: UserWarning: Best weights from best epoch are automatically used!
  warnings.warn(wrn_msg)
[I 2026-09-15 08:23:37,227] Trial 7 finished with value: 0.8364582563986024 and parameters: {'n_d_n_a': 24, 'n_steps': 5, 'gamma': 1.0}. Best is trial 1 with value: 0.8469514672044995.
C:\Users\Nacu\AppData\Local\Programs\Python\Python312\Lib\site-packages\pytorch_tabnet\callbacks.py:172: UserWarning: Best weights from best epoch are automatically used!
  warnings.warn(wrn_msg)
[I 2026-09-15 08:24:44,674] Trial 8 finished with value: 0.8072928443598557 and parameters: {'n_d_n_a': 16, 'n_steps': 5, 'gamma': 1.5}. Best is trial 1 with value: 0.8469514672044995.
C:\Users\Nacu\AppData\Local\Programs\Python\Python312\Lib\site-packages\pytorch_tabnet\callbacks.py:172: UserWarning: Best weights from best epoch are automatically used!
  warnings.warn(wrn_msg)
[I 2026-09-15 08:27:00,633] Trial 9 finished with value: 0.8072174246513081 and parameters: {'n_d_n_a': 8, 'n_steps': 7, 'gamma': 1.3}. Best is trial 1 with value: 0.8469514672044995.
C:\Users\Nacu\AppData\Local\Programs\Python\Python312\Lib\site-packages\pytorch_tabnet\callbacks.py:172: UserWarning: Best weights from best epoch are automatically used!
  warnings.warn(wrn_msg)
[I 2026-09-15 08:29:26,016] Trial 10 finished with value: 0.8469514672044995 and parameters: {'n_d_n_a': 24, 'n_steps': 3, 'gamma': 1.5}. Best is trial 1 with value: 0.8469514672044995.
C:\Users\Nacu\AppData\Local\Programs\Python\Python312\Lib\site-packages\pytorch_tabnet\callbacks.py:172: UserWarning: Best weights from best epoch are automatically used!
  warnings.warn(wrn_msg)
[I 2026-09-15 08:31:21,591] Trial 11 finished with value: 0.8469514672044995 and parameters: {'n_d_n_a': 24, 'n_steps': 3, 'gamma': 1.5}. Best is trial 1 with value: 0.8469514672044995.
C:\Users\Nacu\AppData\Local\Programs\Python\Python312\Lib\site-packages\pytorch_tabnet\callbacks.py:172: UserWarning: Best weights from best epoch are automatically used!
  warnings.warn(wrn_msg)
[I 2026-09-15 08:33:11,924] Trial 12 finished with value: 0.8469514672044995 and parameters: {'n_d_n_a': 24, 'n_steps': 3, 'gamma': 1.5}. Best is trial 1 with value: 0.8469514672044995.
C:\Users\Nacu\AppData\Local\Programs\Python\Python312\Lib\site-packages\pytorch_tabnet\callbacks.py:172: UserWarning: Best weights from best epoch are automatically used!
  warnings.warn(wrn_msg)
[I 2026-09-15 08:35:55,060] Trial 13 finished with value: 0.8469514672044995 and parameters: {'n_d_n_a': 24, 'n_steps': 3, 'gamma': 1.5}. Best is trial 1 with value: 0.8469514672044995.
C:\Users\Nacu\AppData\Local\Programs\Python\Python312\Lib\site-packages\pytorch_tabnet\callbacks.py:172: UserWarning: Best weights from best epoch are automatically used!
  warnings.warn(wrn_msg)
[I 2026-09-15 08:39:06,987] Trial 14 finished with value: 0.8447790671249609 and parameters: {'n_d_n_a': 24, 'n_steps': 3, 'gamma': 1.0}. Best is trial 1 with value: 0.8469514672044995.
C:\Users\Nacu\AppData\Local\Programs\Python\Python312\Lib\site-packages\pytorch_tabnet\callbacks.py:172: UserWarning: Best weights from best epoch are automatically used!
  warnings.warn(wrn_msg)
[I 2026-09-15 08:41:33,261] Trial 15 finished with value: 0.8469514672044995 and parameters: {'n_d_n_a': 24, 'n_steps': 3, 'gamma': 1.5}. Best is trial 1 with value: 0.8469514672044995.
C:\Users\Nacu\AppData\Local\Programs\Python\Python312\Lib\site-packages\pytorch_tabnet\callbacks.py:172: UserWarning: Best weights from best epoch are automatically used!
  warnings.warn(wrn_msg)
[I 2026-09-15 08:42:49,744] Trial 16 finished with value: 0.8322228219185865 and parameters: {'n_d_n_a': 8, 'n_steps': 3, 'gamma': 1.5}. Best is trial 1 with value: 0.8469514672044995.
C:\Users\Nacu\AppData\Local\Programs\Python\Python312\Lib\site-packages\pytorch_tabnet\callbacks.py:172: UserWarning: Best weights from best epoch are automatically used!
  warnings.warn(wrn_msg)
[I 2026-09-15 08:46:04,459] Trial 17 finished with value: 0.8370229809959379 and parameters: {'n_d_n_a': 24, 'n_steps': 5, 'gamma': 1.5}. Best is trial 1 with value: 0.8469514672044995.
C:\Users\Nacu\AppData\Local\Programs\Python\Python312\Lib\site-packages\pytorch_tabnet\callbacks.py:172: UserWarning: Best weights from best epoch are automatically used!
  warnings.warn(wrn_msg)
[I 2026-09-15 08:48:15,847] Trial 18 finished with value: 0.8447790671249609 and parameters: {'n_d_n_a': 24, 'n_steps': 3, 'gamma': 1.0}. Best is trial 1 with value: 0.8469514672044995.
C:\Users\Nacu\AppData\Local\Programs\Python\Python312\Lib\site-packages\pytorch_tabnet\callbacks.py:172: UserWarning: Best weights from best epoch are automatically used!
  warnings.warn(wrn_msg)
[I 2026-09-15 08:49:32,497] Trial 19 finished with value: 0.8322228219185865 and parameters: {'n_d_n_a': 8, 'n_steps': 3, 'gamma': 1.5}. Best is trial 1 with value: 0.8469514672044995.
C:\Users\Nacu\AppData\Local\Programs\Python\Python312\Lib\site-packages\pytorch_tabnet\callbacks.py:172: UserWarning: Best weights from best epoch are automatically used!
  warnings.warn(wrn_msg)

Early stopping occurred at epoch 24 with best_epoch = 19 and best_val_0_auc = 0.83408

Early stopping occurred at epoch 32 with best_epoch = 27 and best_val_0_auc = 0.84695

Early stopping occurred at epoch 16 with best_epoch = 11 and best_val_0_auc = 0.80668

Early stopping occurred at epoch 24 with best_epoch = 19 and best_val_0_auc = 0.83408

Early stopping occurred at epoch 16 with best_epoch = 11 and best_val_0_auc = 0.80668

Early stopping occurred at epoch 19 with best_epoch = 14 and best_val_0_auc = 0.80722

Early stopping occurred at epoch 41 with best_epoch = 36 and best_val_0_auc = 0.82894

Early stopping occurred at epoch 47 with best_epoch = 42 and best_val_0_auc = 0.83646

Early stopping occurred at epoch 13 with best_epoch = 8 and best_val_0_auc = 0.80729

Early stopping occurred at epoch 19 with best_epoch = 14 and best_val_0_auc = 0.80722

Early stopping occurred at epoch 32 with best_epoch = 27 and best_val_0_auc = 0.84695

Early stopping occurred at epoch 32 with best_epoch = 27 and best_val_0_auc = 0.84695

Early stopping occurred at epoch 32 with best_epoch = 27 and best_val_0_auc = 0.84695

Early stopping occurred at epoch 32 with best_epoch = 27 and best_val_0_auc = 0.84695

Early stopping occurred at epoch 39 with best_epoch = 34 and best_val_0_auc = 0.84478

Early stopping occurred at epoch 32 with best_epoch = 27 and best_val_0_auc = 0.84695

Early stopping occurred at epoch 27 with best_epoch = 22 and best_val_0_auc = 0.83222

Early stopping occurred at epoch 35 with best_epoch = 30 and best_val_0_auc = 0.83702

Early stopping occurred at epoch 39 with best_epoch = 34 and best_val_0_auc = 0.84478

Early stopping occurred at epoch 27 with best_epoch = 22 and best_val_0_auc = 0.83222

Best val AUC: 0.8470
Best params: {'n_d_n_a': 24, 'n_steps': 3, 'gamma': 1.5}

Early stopping occurred at epoch 32 with best_epoch = 27 and best_val_0_auc = 0.84695
Successfully saved model at artifacts/tabnet_model.zip
Saved trained TabNet model to artifacts/tabnet_model.zip
=== TABNET DONE ===
[I 2026-09-15 08:51:27,527] A new study created in memory with name: no-name-16de695f-5543-4cb8-b3f3-2236bc936a0b
[I 2026-09-15 08:52:20,029] Trial 0 finished with value: 0.8338020907309036 and parameters: {'lr': 0.0005611516415334506, 'dropout': 0.1, 'weight_decay': 1e-05, 'hidden_dim': 32, 'n_layers': 2, 'embed_dim': 4, 'shrink_lambda': 0.016480446427978974}. Best is trial 0 with value: 0.8338020907309036.
[I 2026-09-15 08:53:22,440] Trial 1 finished with value: 0.8399382154929977 and parameters: {'lr': 0.0011207606211860567, 'dropout': 0.3, 'weight_decay': 0.001, 'hidden_dim': 64, 'n_layers': 2, 'embed_dim': 4, 'shrink_lambda': 6.245139574743075}. Best is trial 1 with value: 0.8399382154929977.
[I 2026-09-15 08:54:17,656] Trial 2 finished with value: 0.8481192654035167 and parameters: {'lr': 0.00853618986286683, 'dropout': 0.1, 'weight_decay': 1e-05, 'hidden_dim': 128, 'n_layers': 2, 'embed_dim': 8, 'shrink_lambda': 7.556810141274429}. Best is trial 2 with value: 0.8481192654035167.
[I 2026-09-15 08:55:24,336] Trial 3 finished with value: 0.849864855268017 and parameters: {'lr': 0.0035503048581283078, 'dropout': 0.1, 'weight_decay': 1e-05, 'hidden_dim': 128, 'n_layers': 2, 'embed_dim': 8, 'shrink_lambda': 1.6172900811143154}. Best is trial 3 with value: 0.849864855268017.
[I 2026-09-15 08:56:37,669] Trial 4 finished with value: 0.833245106951112 and parameters: {'lr': 0.00014096175149815865, 'dropout': 0.1, 'weight_decay': 0.0001, 'hidden_dim': 64, 'n_layers': 3, 'embed_dim': 4, 'shrink_lambda': 0.017535949529764425}. Best is trial 3 with value: 0.849864855268017.
[I 2026-09-15 08:58:32,355] Trial 5 finished with value: 0.8422641536232707 and parameters: {'lr': 0.0004470608546778491, 'dropout': 0.3, 'weight_decay': 0.001, 'hidden_dim': 128, 'n_layers': 2, 'embed_dim': 8, 'shrink_lambda': 0.35127047262708466}. Best is trial 3 with value: 0.849864855268017.
[I 2026-09-15 08:59:55,479] Trial 6 finished with value: 0.8355872368832202 and parameters: {'lr': 0.0004253162363790873, 'dropout': 0.2, 'weight_decay': 0.0001, 'hidden_dim': 64, 'n_layers': 1, 'embed_dim': 4, 'shrink_lambda': 3.7173717478250508}. Best is trial 3 with value: 0.849864855268017.
[I 2026-09-15 09:00:27,413] Trial 7 finished with value: 0.8335565150697384 and parameters: {'lr': 0.0011986281799901185, 'dropout': 0.2, 'weight_decay': 0.001, 'hidden_dim': 64, 'n_layers': 1, 'embed_dim': 16, 'shrink_lambda': 0.019625093208439862}. Best is trial 3 with value: 0.849864855268017.
[I 2026-09-15 09:01:10,312] Trial 8 finished with value: 0.8323443314490242 and parameters: {'lr': 0.0010903884523201113, 'dropout': 0.3, 'weight_decay': 1e-05, 'hidden_dim': 32, 'n_layers': 1, 'embed_dim': 8, 'shrink_lambda': 0.003798214508453258}. Best is trial 3 with value: 0.849864855268017.
[I 2026-09-15 09:02:26,675] Trial 9 finished with value: 0.8508285515439025 and parameters: {'lr': 0.0009525889086580769, 'dropout': 0.1, 'weight_decay': 1e-05, 'hidden_dim': 128, 'n_layers': 3, 'embed_dim': 4, 'shrink_lambda': 0.2309786149269357}. Best is trial 9 with value: 0.8508285515439025.
[I 2026-09-15 09:03:36,526] Trial 10 finished with value: 0.8330216174757833 and parameters: {'lr': 0.00012300881169969704, 'dropout': 0.1, 'weight_decay': 1e-05, 'hidden_dim': 128, 'n_layers': 3, 'embed_dim': 16, 'shrink_lambda': 0.269008651246541}. Best is trial 9 with value: 0.8508285515439025.
[I 2026-09-15 09:04:33,809] Trial 11 finished with value: 0.8485967105076272 and parameters: {'lr': 0.005523007275139231, 'dropout': 0.1, 'weight_decay': 1e-05, 'hidden_dim': 128, 'n_layers': 3, 'embed_dim': 8, 'shrink_lambda': 0.30073606541731496}. Best is trial 9 with value: 0.8508285515439025.
[I 2026-09-15 09:05:14,977] Trial 12 finished with value: 0.847568318041076 and parameters: {'lr': 0.0032003454892085507, 'dropout': 0.1, 'weight_decay': 1e-05, 'hidden_dim': 128, 'n_layers': 3, 'embed_dim': 4, 'shrink_lambda': 1.052603095656158}. Best is trial 9 with value: 0.8508285515439025.
[I 2026-09-15 09:06:25,948] Trial 13 finished with value: 0.850307005084794 and parameters: {'lr': 0.002765584679591663, 'dropout': 0.1, 'weight_decay': 1e-05, 'hidden_dim': 128, 'n_layers': 2, 'embed_dim': 8, 'shrink_lambda': 0.0984175675835794}. Best is trial 9 with value: 0.8508285515439025.
[I 2026-09-15 09:07:57,648] Trial 14 finished with value: 0.8533413345453512 and parameters: {'lr': 0.002004617910720449, 'dropout': 0.1, 'weight_decay': 1e-05, 'hidden_dim': 128, 'n_layers': 3, 'embed_dim': 16, 'shrink_lambda': 0.0670040018684413}. Best is trial 14 with value: 0.8533413345453512.
[I 2026-09-15 09:09:03,082] Trial 15 finished with value: 0.8499560406783513 and parameters: {'lr': 0.0019469167007567754, 'dropout': 0.2, 'weight_decay': 0.0001, 'hidden_dim': 128, 'n_layers': 3, 'embed_dim': 16, 'shrink_lambda': 0.05428237801441411}. Best is trial 14 with value: 0.8533413345453512.
[I 2026-09-15 09:10:39,721] Trial 16 finished with value: 0.8341309689515098 and parameters: {'lr': 0.00022228575321318436, 'dropout': 0.1, 'weight_decay': 1e-05, 'hidden_dim': 32, 'n_layers': 3, 'embed_dim': 16, 'shrink_lambda': 0.0011065136021090993}. Best is trial 14 with value: 0.8533413345453512.
[I 2026-09-15 09:11:39,023] Trial 17 finished with value: 0.8459589381586796 and parameters: {'lr': 0.0006753511393197178, 'dropout': 0.1, 'weight_decay': 1e-05, 'hidden_dim': 128, 'n_layers': 3, 'embed_dim': 16, 'shrink_lambda': 0.07724142432338467}. Best is trial 14 with value: 0.8533413345453512.
[I 2026-09-15 09:12:42,615] Trial 18 finished with value: 0.8481794165270005 and parameters: {'lr': 0.0019867502496984657, 'dropout': 0.2, 'weight_decay': 0.0001, 'hidden_dim': 128, 'n_layers': 3, 'embed_dim': 16, 'shrink_lambda': 1.1572418002097362}. Best is trial 14 with value: 0.8533413345453512.
[I 2026-09-15 09:14:09,630] Trial 19 finished with value: 0.8327718518308098 and parameters: {'lr': 0.0002670340676364, 'dropout': 0.3, 'weight_decay': 0.001, 'hidden_dim': 32, 'n_layers': 3, 'embed_dim': 4, 'shrink_lambda': 0.004531292986525192}. Best is trial 14 with value: 0.8533413345453512.
[I 2026-09-15 09:15:35,540] Trial 20 finished with value: 0.8508403403119053 and parameters: {'lr': 0.001404038235897599, 'dropout': 0.1, 'weight_decay': 1e-05, 'hidden_dim': 128, 'n_layers': 3, 'embed_dim': 16, 'shrink_lambda': 0.1945233387993467}. Best is trial 14 with value: 0.8533413345453512.
[I 2026-09-15 09:16:25,912] Trial 21 finished with value: 0.8491500724370082 and parameters: {'lr': 0.0016998032151103223, 'dropout': 0.1, 'weight_decay': 1e-05, 'hidden_dim': 128, 'n_layers': 3, 'embed_dim': 16, 'shrink_lambda': 0.1527996056975937}. Best is trial 14 with value: 0.8533413345453512.
[I 2026-09-15 09:17:27,364] Trial 22 finished with value: 0.8494813652245548 and parameters: {'lr': 0.0008048247596975055, 'dropout': 0.1, 'weight_decay': 1e-05, 'hidden_dim': 128, 'n_layers': 3, 'embed_dim': 16, 'shrink_lambda': 0.04349079569507247}. Best is trial 14 with value: 0.8533413345453512.
[I 2026-09-15 09:18:57,135] Trial 23 finished with value: 0.852936184416101 and parameters: {'lr': 0.0014766172278285166, 'dropout': 0.1, 'weight_decay': 1e-05, 'hidden_dim': 128, 'n_layers': 3, 'embed_dim': 16, 'shrink_lambda': 0.7290966953777177}. Best is trial 14 with value: 0.8533413345453512.
[I 2026-09-15 09:19:57,743] Trial 24 finished with value: 0.8501933784052496 and parameters: {'lr': 0.0051163572112741884, 'dropout': 0.1, 'weight_decay': 1e-05, 'hidden_dim': 128, 'n_layers': 3, 'embed_dim': 16, 'shrink_lambda': 0.7498219215595531}. Best is trial 14 with value: 0.8533413345453512.
[I 2026-09-15 09:20:56,991] Trial 25 finished with value: 0.8396106155725364 and parameters: {'lr': 0.0015566624354135424, 'dropout': 0.1, 'weight_decay': 1e-05, 'hidden_dim': 128, 'n_layers': 1, 'embed_dim': 16, 'shrink_lambda': 0.5696126230989899}. Best is trial 14 with value: 0.8533413345453512.
[I 2026-09-15 09:22:01,808] Trial 26 finished with value: 0.8510815839559129 and parameters: {'lr': 0.0025467334888853482, 'dropout': 0.1, 'weight_decay': 1e-05, 'hidden_dim': 128, 'n_layers': 3, 'embed_dim': 16, 'shrink_lambda': 0.03472765961456882}. Best is trial 14 with value: 0.8533413345453512.
[I 2026-09-15 09:23:36,009] Trial 27 finished with value: 0.8534415390733744 and parameters: {'lr': 0.0022671893459680482, 'dropout': 0.1, 'weight_decay': 0.0001, 'hidden_dim': 128, 'n_layers': 3, 'embed_dim': 16, 'shrink_lambda': 0.03128149576925576}. Best is trial 27 with value: 0.8534415390733744.
[I 2026-09-15 09:24:08,066] Trial 28 finished with value: 0.8353600545408062 and parameters: {'lr': 0.0065619679885686975, 'dropout': 0.3, 'weight_decay': 0.0001, 'hidden_dim': 32, 'n_layers': 3, 'embed_dim': 16, 'shrink_lambda': 0.004873498422065467}. Best is trial 27 with value: 0.8534415390733744.
