[I 2026-09-14 23:49:13,506] A new study created in memory with name: no-name-08e5cf59-5034-4dcc-8a3f-1d29865cf4e9
[I 2026-09-14 23:49:53,464] Trial 0 finished with value: 0.8356909922449791 and parameters: {'lr': 0.0005611516415334506, 'dropout': 0.1, 'weight_decay': 1e-05, 'hidden_dim': 32, 'n_layers': 2}. Best is trial 0 with value: 0.8356909922449791.
[I 2026-09-14 23:50:50,564] Trial 1 finished with value: 0.8335342868505525 and parameters: {'lr': 0.00026587543983272726, 'dropout': 0.3, 'weight_decay': 1e-05, 'hidden_dim': 32, 'n_layers': 3}. Best is trial 0 with value: 0.8356909922449791.
[I 2026-09-14 23:51:39,448] Trial 2 finished with value: 0.8352693662471948 and parameters: {'lr': 0.00025081156860452336, 'dropout': 0.2, 'weight_decay': 1e-05, 'hidden_dim': 64, 'n_layers': 3}. Best is trial 0 with value: 0.8356909922449791.
[I 2026-09-14 23:52:39,608] Trial 3 finished with value: 0.8461330000284066 and parameters: {'lr': 0.0007591104805282694, 'dropout': 0.2, 'weight_decay': 1e-05, 'hidden_dim': 128, 'n_layers': 2}. Best is trial 3 with value: 0.8461330000284066.
[I 2026-09-14 23:52:49,781] Trial 4 finished with value: 0.8317024117262733 and parameters: {'lr': 0.007568292060167619, 'dropout': 0.3, 'weight_decay': 0.0001, 'hidden_dim': 64, 'n_layers': 1}. Best is trial 3 with value: 0.8461330000284066.
[I 2026-09-14 23:53:31,026] Trial 5 finished with value: 0.8418074453881772 and parameters: {'lr': 0.001217284708112243, 'dropout': 0.2, 'weight_decay': 1e-05, 'hidden_dim': 64, 'n_layers': 2}. Best is trial 3 with value: 0.8461330000284066.
[I 2026-09-14 23:54:17,925] Trial 6 finished with value: 0.8346113257392835 and parameters: {'lr': 0.0005211124595788264, 'dropout': 0.2, 'weight_decay': 1e-05, 'hidden_dim': 64, 'n_layers': 1}. Best is trial 3 with value: 0.8461330000284066.
[I 2026-09-14 23:54:39,114] Trial 7 finished with value: 0.834107959548902 and parameters: {'lr': 0.0026698666742744613, 'dropout': 0.3, 'weight_decay': 0.0001, 'hidden_dim': 64, 'n_layers': 1}. Best is trial 3 with value: 0.8461330000284066.
[I 2026-09-14 23:55:09,834] Trial 8 finished with value: 0.8440926199471637 and parameters: {'lr': 0.006533305220227739, 'dropout': 0.3, 'weight_decay': 0.001, 'hidden_dim': 64, 'n_layers': 2}. Best is trial 3 with value: 0.8461330000284066.
[I 2026-09-14 23:56:01,727] Trial 9 finished with value: 0.835136138965429 and parameters: {'lr': 0.00023612399244412623, 'dropout': 0.1, 'weight_decay': 1e-05, 'hidden_dim': 128, 'n_layers': 1}. Best is trial 3 with value: 0.8461330000284066.
[I 2026-09-14 23:57:04,074] Trial 10 finished with value: 0.8338653665880749 and parameters: {'lr': 0.00012022944932883304, 'dropout': 0.2, 'weight_decay': 0.001, 'hidden_dim': 128, 'n_layers': 2}. Best is trial 3 with value: 0.8461330000284066.
[I 2026-09-14 23:57:50,077] Trial 11 finished with value: 0.8485303099167685 and parameters: {'lr': 0.006536264082965742, 'dropout': 0.3, 'weight_decay': 0.001, 'hidden_dim': 128, 'n_layers': 2}. Best is trial 11 with value: 0.8485303099167685.
[I 2026-09-14 23:58:27,762] Trial 12 finished with value: 0.8480012356901402 and parameters: {'lr': 0.002733762389478879, 'dropout': 0.3, 'weight_decay': 0.001, 'hidden_dim': 128, 'n_layers': 2}. Best is trial 11 with value: 0.8485303099167685.
[I 2026-09-14 23:58:58,498] Trial 13 finished with value: 0.8437003238360368 and parameters: {'lr': 0.003071053152988169, 'dropout': 0.3, 'weight_decay': 0.001, 'hidden_dim': 128, 'n_layers': 2}. Best is trial 11 with value: 0.8485303099167685.
[I 2026-09-14 23:59:59,235] Trial 14 finished with value: 0.8508360793114225 and parameters: {'lr': 0.0034255858290363735, 'dropout': 0.3, 'weight_decay': 0.001, 'hidden_dim': 128, 'n_layers': 2}. Best is trial 14 with value: 0.8508360793114225.
[I 2026-09-15 00:00:45,205] Trial 15 finished with value: 0.8487187881714627 and parameters: {'lr': 0.004932003432503326, 'dropout': 0.3, 'weight_decay': 0.001, 'hidden_dim': 128, 'n_layers': 2}. Best is trial 14 with value: 0.8508360793114225.
[I 2026-09-15 00:01:27,528] Trial 16 finished with value: 0.8501642615686164 and parameters: {'lr': 0.003979652033697281, 'dropout': 0.3, 'weight_decay': 0.001, 'hidden_dim': 128, 'n_layers': 3}. Best is trial 14 with value: 0.8508360793114225.
[I 2026-09-15 00:02:05,969] Trial 17 finished with value: 0.8515007953867568 and parameters: {'lr': 0.0012886688102485965, 'dropout': 0.1, 'weight_decay': 0.001, 'hidden_dim': 128, 'n_layers': 3}. Best is trial 17 with value: 0.8515007953867568.
[I 2026-09-15 00:02:41,431] Trial 18 finished with value: 0.851734156179871 and parameters: {'lr': 0.0015840599159186032, 'dropout': 0.1, 'weight_decay': 0.001, 'hidden_dim': 32, 'n_layers': 3}. Best is trial 18 with value: 0.851734156179871.
[I 2026-09-15 00:03:11,046] Trial 19 finished with value: 0.8430037922904299 and parameters: {'lr': 0.0014685972471480777, 'dropout': 0.1, 'weight_decay': 0.0001, 'hidden_dim': 32, 'n_layers': 3}. Best is trial 18 with value: 0.851734156179871.

Best val AUC: 0.8517
Best params: {'lr': 0.0015840599159186032, 'dropout': 0.1, 'weight_decay': 0.001, 'hidden_dim': 32, 'n_layers': 3}
  epoch 00  val_auc=0.8102
  epoch 01  val_auc=0.8231
  epoch 02  val_auc=0.8235
  epoch 03  val_auc=0.8293
  epoch 04  val_auc=0.8305
  epoch 05  val_auc=0.8302
  epoch 06  val_auc=0.8329
  epoch 07  val_auc=0.8327
  epoch 08  val_auc=0.8331
  epoch 09  val_auc=0.8339
  epoch 10  val_auc=0.8352
  epoch 11  val_auc=0.8334
  epoch 12  val_auc=0.8365
  epoch 13  val_auc=0.8363
  epoch 14  val_auc=0.8354
  epoch 15  val_auc=0.8359
  epoch 16  val_auc=0.8349
  epoch 17  val_auc=0.8379
  epoch 18  val_auc=0.8362
  epoch 19  val_auc=0.8367
  epoch 20  val_auc=0.8367
  epoch 21  val_auc=0.8373
  epoch 22  val_auc=0.8378

Saved trained MLP to artifacts/mlp_model.pt
=== MLP DONE ===
[I 2026-09-15 00:03:30,784] A new study created in memory with name: no-name-d0d74545-3d64-494f-8b84-315622c5f84c
[I 2026-09-15 00:03:31,852] Trial 0 finished with value: 0.8532669800869244 and parameters: {'max_depth': 6, 'learning_rate': 0.030405325392865647, 'n_estimators': 200, 'subsample': 0.7}. Best is trial 0 with value: 0.8532669800869244.
[I 2026-09-15 00:03:32,266] Trial 1 finished with value: 0.8386094935090759 and parameters: {'max_depth': 6, 'learning_rate': 0.0033572967053517922, 'n_estimators': 600, 'subsample': 0.7}. Best is trial 0 with value: 0.8532669800869244.
[I 2026-09-15 00:03:32,644] Trial 2 finished with value: 0.8286860494844189 and parameters: {'max_depth': 4, 'learning_rate': 0.008082071885709252, 'n_estimators': 400, 'subsample': 0.85}. Best is trial 0 with value: 0.8532669800869244.
[I 2026-09-15 00:03:32,908] Trial 3 finished with value: 0.8493440899923301 and parameters: {'max_depth': 4, 'learning_rate': 0.22413234378101138, 'n_estimators': 200, 'subsample': 0.85}. Best is trial 0 with value: 0.8532669800869244.
[I 2026-09-15 00:03:33,185] Trial 4 finished with value: 0.8526475726500582 and parameters: {'max_depth': 6, 'learning_rate': 0.1788532743297921, 'n_estimators': 400, 'subsample': 0.85}. Best is trial 0 with value: 0.8532669800869244.
[I 2026-09-15 00:03:33,595] Trial 5 finished with value: 0.8491080305655767 and parameters: {'max_depth': 4, 'learning_rate': 0.16466293382966793, 'n_estimators': 400, 'subsample': 1.0}. Best is trial 0 with value: 0.8532669800869244.
[I 2026-09-15 00:03:34,828] Trial 6 finished with value: 0.8477558020623243 and parameters: {'max_depth': 8, 'learning_rate': 0.0076510536667541975, 'n_estimators': 400, 'subsample': 1.0}. Best is trial 0 with value: 0.8532669800869244.
[I 2026-09-15 00:03:35,232] Trial 7 finished with value: 0.8482850183223021 and parameters: {'max_depth': 4, 'learning_rate': 0.10471209213501693, 'n_estimators': 600, 'subsample': 0.85}. Best is trial 0 with value: 0.8532669800869244.
[I 2026-09-15 00:03:35,344] Trial 8 finished with value: 0.8222727466409112 and parameters: {'max_depth': 4, 'learning_rate': 0.0014369502768990666, 'n_estimators': 600, 'subsample': 0.85}. Best is trial 0 with value: 0.8532669800869244.
[I 2026-09-15 00:03:36,862] Trial 9 finished with value: 0.8574151350737153 and parameters: {'max_depth': 8, 'learning_rate': 0.024566974547738343, 'n_estimators': 200, 'subsample': 0.7}. Best is trial 9 with value: 0.8574151350737153.
[I 2026-09-15 00:03:37,754] Trial 10 finished with value: 0.8556539925574524 and parameters: {'max_depth': 8, 'learning_rate': 0.03874305312635714, 'n_estimators': 200, 'subsample': 0.7}. Best is trial 9 with value: 0.8574151350737153.
[I 2026-09-15 00:03:39,264] Trial 11 finished with value: 0.8572880152259751 and parameters: {'max_depth': 8, 'learning_rate': 0.03432723873841514, 'n_estimators': 200, 'subsample': 0.7}. Best is trial 9 with value: 0.8574151350737153.
[I 2026-09-15 00:03:40,606] Trial 12 finished with value: 0.8573934039712525 and parameters: {'max_depth': 8, 'learning_rate': 0.031069613952397702, 'n_estimators': 200, 'subsample': 0.7}. Best is trial 9 with value: 0.8574151350737153.
[I 2026-09-15 00:03:40,908] Trial 13 finished with value: 0.8465950345141039 and parameters: {'max_depth': 8, 'learning_rate': 0.013170741235900457, 'n_estimators': 200, 'subsample': 0.7}. Best is trial 9 with value: 0.8574151350737153.
[I 2026-09-15 00:03:41,691] Trial 14 finished with value: 0.856404496775843 and parameters: {'max_depth': 8, 'learning_rate': 0.06840763953501772, 'n_estimators': 200, 'subsample': 0.7}. Best is trial 9 with value: 0.8574151350737153.
[I 2026-09-15 00:03:42,108] Trial 15 finished with value: 0.8486934352185893 and parameters: {'max_depth': 8, 'learning_rate': 0.01700684502094765, 'n_estimators': 200, 'subsample': 0.7}. Best is trial 9 with value: 0.8574151350737153.
[I 2026-09-15 00:03:42,725] Trial 16 finished with value: 0.8566278442178223 and parameters: {'max_depth': 8, 'learning_rate': 0.07342232892396496, 'n_estimators': 200, 'subsample': 0.7}. Best is trial 9 with value: 0.8574151350737153.
[I 2026-09-15 00:03:44,793] Trial 17 finished with value: 0.8554346220492572 and parameters: {'max_depth': 8, 'learning_rate': 0.018864450452497437, 'n_estimators': 200, 'subsample': 1.0}. Best is trial 9 with value: 0.8574151350737153.
[I 2026-09-15 00:03:45,116] Trial 18 finished with value: 0.8461505411470613 and parameters: {'max_depth': 8, 'learning_rate': 0.004080577515902898, 'n_estimators': 200, 'subsample': 0.7}. Best is trial 9 with value: 0.8574151350737153.
[I 2026-09-15 00:03:45,936] Trial 19 finished with value: 0.8568003437207056 and parameters: {'max_depth': 8, 'learning_rate': 0.04932947058828177, 'n_estimators': 600, 'subsample': 0.7}. Best is trial 9 with value: 0.8574151350737153.

Best val AUC: 0.8574
Best params: {'max_depth': 8, 'learning_rate': 0.024566974547738343, 'n_estimators': 200, 'subsample': 0.7}
Saved trained XGBoost model to artifacts/xgboost_model.json
=== XGBOOST DONE ===
[I 2026-09-15 00:03:52,265] A new study created in memory with name: no-name-f781e4b1-cd12-4a47-90ce-fb9b8ae3b764
C:\Users\Nacu\AppData\Local\Programs\Python\Python312\Lib\site-packages\pytorch_tabnet\callbacks.py:172: UserWarning: Best weights from best epoch are automatically used!
  warnings.warn(wrn_msg)
[I 2026-09-15 00:04:35,329] Trial 0 finished with value: 0.8340802630457631 and parameters: {'n_d_n_a': 16, 'n_steps': 3, 'gamma': 1.3}. Best is trial 0 with value: 0.8340802630457631.
C:\Users\Nacu\AppData\Local\Programs\Python\Python312\Lib\site-packages\pytorch_tabnet\callbacks.py:172: UserWarning: Best weights from best epoch are automatically used!
  warnings.warn(wrn_msg)
[I 2026-09-15 00:05:34,773] Trial 1 finished with value: 0.8469514672044995 and parameters: {'n_d_n_a': 24, 'n_steps': 3, 'gamma': 1.5}. Best is trial 1 with value: 0.8469514672044995.
C:\Users\Nacu\AppData\Local\Programs\Python\Python312\Lib\site-packages\pytorch_tabnet\callbacks.py:172: UserWarning: Best weights from best epoch are automatically used!
  warnings.warn(wrn_msg)
[I 2026-09-15 00:06:39,127] Trial 2 finished with value: 0.8066773428400988 and parameters: {'n_d_n_a': 24, 'n_steps': 7, 'gamma': 1.3}. Best is trial 1 with value: 0.8469514672044995.
C:\Users\Nacu\AppData\Local\Programs\Python\Python312\Lib\site-packages\pytorch_tabnet\callbacks.py:172: UserWarning: Best weights from best epoch are automatically used!
  warnings.warn(wrn_msg)
[I 2026-09-15 00:07:19,730] Trial 3 finished with value: 0.8340802630457631 and parameters: {'n_d_n_a': 16, 'n_steps': 3, 'gamma': 1.3}. Best is trial 1 with value: 0.8469514672044995.
C:\Users\Nacu\AppData\Local\Programs\Python\Python312\Lib\site-packages\pytorch_tabnet\callbacks.py:172: UserWarning: Best weights from best epoch are automatically used!
  warnings.warn(wrn_msg)
[I 2026-09-15 00:08:21,866] Trial 4 finished with value: 0.8066773428400988 and parameters: {'n_d_n_a': 24, 'n_steps': 7, 'gamma': 1.3}. Best is trial 1 with value: 0.8469514672044995.
C:\Users\Nacu\AppData\Local\Programs\Python\Python312\Lib\site-packages\pytorch_tabnet\callbacks.py:172: UserWarning: Best weights from best epoch are automatically used!
  warnings.warn(wrn_msg)
[I 2026-09-15 00:09:23,586] Trial 5 finished with value: 0.8072174246513081 and parameters: {'n_d_n_a': 8, 'n_steps': 7, 'gamma': 1.3}. Best is trial 1 with value: 0.8469514672044995.
C:\Users\Nacu\AppData\Local\Programs\Python\Python312\Lib\site-packages\pytorch_tabnet\callbacks.py:172: UserWarning: Best weights from best epoch are automatically used!
  warnings.warn(wrn_msg)
[I 2026-09-15 00:11:44,086] Trial 6 finished with value: 0.8289429167968638 and parameters: {'n_d_n_a': 16, 'n_steps': 7, 'gamma': 1.5}. Best is trial 1 with value: 0.8469514672044995.
C:\Users\Nacu\AppData\Local\Programs\Python\Python312\Lib\site-packages\pytorch_tabnet\callbacks.py:172: UserWarning: Best weights from best epoch are automatically used!
  warnings.warn(wrn_msg)
[I 2026-09-15 00:13:54,409] Trial 7 finished with value: 0.8364582563986024 and parameters: {'n_d_n_a': 24, 'n_steps': 5, 'gamma': 1.0}. Best is trial 1 with value: 0.8469514672044995.
C:\Users\Nacu\AppData\Local\Programs\Python\Python312\Lib\site-packages\pytorch_tabnet\callbacks.py:172: UserWarning: Best weights from best epoch are automatically used!
  warnings.warn(wrn_msg)
[I 2026-09-15 00:14:29,170] Trial 8 finished with value: 0.8072928443598557 and parameters: {'n_d_n_a': 16, 'n_steps': 5, 'gamma': 1.5}. Best is trial 1 with value: 0.8469514672044995.
C:\Users\Nacu\AppData\Local\Programs\Python\Python312\Lib\site-packages\pytorch_tabnet\callbacks.py:172: UserWarning: Best weights from best epoch are automatically used!
  warnings.warn(wrn_msg)
[I 2026-09-15 00:15:32,152] Trial 9 finished with value: 0.8072174246513081 and parameters: {'n_d_n_a': 8, 'n_steps': 7, 'gamma': 1.3}. Best is trial 1 with value: 0.8469514672044995.
